<?xml version="1.0" encoding="UTF-8"?>
<testsuite name="tws.controller.ParkingBoyControllerTest" tests="2" skipped="0" failures="1" errors="0" timestamp="2019-08-31T07:37:47" hostname="LAPTOP-NAF4NTA9" time="0.276">
  <properties/>
  <testcase name="should_return_isCreated_when_given_post_request_of_parkingboys" classname="tws.controller.ParkingBoyControllerTest" time="0.244"/>
  <testcase name="should_return_ststus_isOK_and_content_when_given_a_get_request_of_parkingboys" classname="tws.controller.ParkingBoyControllerTest" time="0.031">
    <failure message="java.lang.AssertionError: Response content expected:&lt;[{&quot;parkingBoyID&quot;:1,&quot;parkingBoyName&quot;:&quot;里斯&quot;,&quot;parkingBoyage&quot;:20}]&gt; but was:&lt;[{&quot;parkingBoyID&quot;:3,&quot;parkingBoyName&quot;:&quot;里斯&quot;,&quot;parkingBoyAge&quot;:0}]&gt;" type="java.lang.AssertionError">java.lang.AssertionError: Response content expected:&lt;[{&quot;parkingBoyID&quot;:1,&quot;parkingBoyName&quot;:&quot;里斯&quot;,&quot;parkingBoyage&quot;:20}]&gt; but was:&lt;[{&quot;parkingBoyID&quot;:3,&quot;parkingBoyName&quot;:&quot;里斯&quot;,&quot;parkingBoyAge&quot;:0}]&gt;
	at org.springframework.test.util.AssertionErrors.fail(AssertionErrors.java:55)
	at org.springframework.test.util.AssertionErrors.assertEquals(AssertionErrors.java:82)
	at org.springframework.test.web.servlet.result.ContentResultMatchers.lambda$string$4(ContentResultMatchers.java:136)
	at org.springframework.test.web.servlet.MockMvc$1.andExpect(MockMvc.java:178)
	at tws.controller.ParkingBoyControllerTest.should_return_ststus_isOK_and_content_when_given_a_get_request_of_parkingboys(ParkingBoyControllerTest.java:38)
	at sun.reflect.NativeMethodAccessorImpl.invoke0(Native Method)
	at sun.reflect.NativeMethodAccessorImpl.invoke(NativeMethodAccessorImpl.java:62)
	at sun.reflect.DelegatingMethodAccessorImpl.invoke(DelegatingMethodAccessorImpl.java:43)
	at java.lang.reflect.Method.invoke(Method.java:498)
	at org.junit.runners.model.FrameworkMethod$1.runReflectiveCall(FrameworkMethod.java:50)
	at org.junit.internal.runners.model.ReflectiveCallable.run(ReflectiveCallable.java:12)
	at org.junit.runners.model.FrameworkMethod.invokeExplosively(FrameworkMethod.java:47)
	at org.junit.internal.runners.statements.InvokeMethod.evaluate(InvokeMethod.java:17)
	at org.springframework.test.context.junit4.statements.RunBeforeTestExecutionCallbacks.evaluate(RunBeforeTestExecutionCallbacks.java:73)
	at org.springframework.test.context.junit4.statements.RunAfterTestExecutionCallbacks.evaluate(RunAfterTestExecutionCallbacks.java:83)
	at org.springframework.test.context.junit4.statements.RunBeforeTestMethodCallbacks.evaluate(RunBeforeTestMethodCallbacks.java:75)
	at org.springframework.test.context.junit4.statements.RunAfterTestMethodCallbacks.evaluate(RunAfterTestMethodCallbacks.java:86)
	at org.springframework.test.context.junit4.statements.SpringRepeat.evaluate(SpringRepeat.java:84)
	at org.junit.runners.ParentRunner.runLeaf(ParentRunner.java:325)
	at org.springframework.test.context.junit4.SpringJUnit4ClassRunner.runChild(SpringJUnit4ClassRunner.java:251)
	at org.springframework.test.context.junit4.SpringJUnit4ClassRunner.runChild(SpringJUnit4ClassRunner.java:97)
	at org.junit.runners.ParentRunner$3.run(ParentRunner.java:290)
	at org.junit.runners.ParentRunner$1.schedule(ParentRunner.java:71)
	at org.junit.runners.ParentRunner.runChildren(ParentRunner.java:288)
	at org.junit.runners.ParentRunner.access$000(ParentRunner.java:58)
	at org.junit.runners.ParentRunner$2.evaluate(ParentRunner.java:268)
	at org.springframework.test.context.junit4.statements.RunBeforeTestClassCallbacks.evaluate(RunBeforeTestClassCallbacks.java:61)
	at org.springframework.test.context.junit4.statements.RunAfterTestClassCallbacks.evaluate(RunAfterTestClassCallbacks.java:70)
	at org.junit.runners.ParentRunner.run(ParentRunner.java:363)
	at org.springframework.test.context.junit4.SpringJUnit4ClassRunner.run(SpringJUnit4ClassRunner.java:190)
	at org.gradle.api.internal.tasks.testing.junit.JUnitTestClassExecutor.runTestClass(JUnitTestClassExecutor.java:110)
	at org.gradle.api.internal.tasks.testing.junit.JUnitTestClassExecutor.execute(JUnitTestClassExecutor.java:58)
	at org.gradle.api.internal.tasks.testing.junit.JUnitTestClassExecutor.execute(JUnitTestClassExecutor.java:38)
	at org.gradle.api.internal.tasks.testing.junit.AbstractJUnitTestClassProcessor.processTestClass(AbstractJUnitTestClassProcessor.java:62)
	at org.gradle.api.internal.tasks.testing.SuiteTestClassProcessor.processTestClass(SuiteTestClassProcessor.java:51)
	at sun.reflect.NativeMethodAccessorImpl.invoke0(Native Method)
	at sun.reflect.NativeMethodAccessorImpl.invoke(NativeMethodAccessorImpl.java:62)
	at sun.reflect.DelegatingMethodAccessorImpl.invoke(DelegatingMethodAccessorImpl.java:43)
	at java.lang.reflect.Method.invoke(Method.java:498)
	at org.gradle.internal.dispatch.ReflectionDispatch.dispatch(ReflectionDispatch.java:35)
	at org.gradle.internal.dispatch.ReflectionDispatch.dispatch(ReflectionDispatch.java:24)
	at org.gradle.internal.dispatch.ContextClassLoaderDispatch.dispatch(ContextClassLoaderDispatch.java:32)
	at org.gradle.internal.dispatch.ProxyDispatchAdapter$DispatchingInvocationHandler.invoke(ProxyDispatchAdapter.java:93)
	at com.sun.proxy.$Proxy2.processTestClass(Unknown Source)
	at org.gradle.api.internal.tasks.testing.worker.TestWorker.processTestClass(TestWorker.java:118)
	at sun.reflect.NativeMethodAccessorImpl.invoke0(Native Method)
	at sun.reflect.NativeMethodAccessorImpl.invoke(NativeMethodAccessorImpl.java:62)
	at sun.reflect.DelegatingMethodAccessorImpl.invoke(DelegatingMethodAccessorImpl.java:43)
	at java.lang.reflect.Method.invoke(Method.java:498)
	at org.gradle.internal.dispatch.ReflectionDispatch.dispatch(ReflectionDispatch.java:35)
	at org.gradle.internal.dispatch.ReflectionDispatch.dispatch(ReflectionDispatch.java:24)
	at org.gradle.internal.remote.internal.hub.MessageHubBackedObjectConnection$DispatchWrapper.dispatch(MessageHubBackedObjectConnection.java:175)
	at org.gradle.internal.remote.internal.hub.MessageHubBackedObjectConnection$DispatchWrapper.dispatch(MessageHubBackedObjectConnection.java:157)
	at org.gradle.internal.remote.internal.hub.MessageHub$Handler.run(MessageHub.java:404)
	at org.gradle.internal.concurrent.ExecutorPolicy$CatchAndRecordFailures.onExecute(ExecutorPolicy.java:63)
	at org.gradle.internal.concurrent.ManagedExecutorImpl$1.run(ManagedExecutorImpl.java:46)
	at java.util.concurrent.ThreadPoolExecutor.runWorker(ThreadPoolExecutor.java:1149)
	at java.util.concurrent.ThreadPoolExecutor$Worker.run(ThreadPoolExecutor.java:624)
	at org.gradle.internal.concurrent.ThreadFactoryImpl$ManagedThreadRunnable.run(ThreadFactoryImpl.java:55)
	at java.lang.Thread.run(Thread.java:748)
</failure>
  </testcase>
  <system-out><![CDATA[15:37:44.934 [Test worker] DEBUG org.springframework.test.context.junit4.SpringJUnit4ClassRunner - SpringJUnit4ClassRunner constructor called with [class tws.controller.ParkingBoyControllerTest]
15:37:44.943 [Test worker] DEBUG org.springframework.test.context.BootstrapUtils - Instantiating CacheAwareContextLoaderDelegate from class [org.springframework.test.context.cache.DefaultCacheAwareContextLoaderDelegate]
15:37:44.948 [Test worker] DEBUG org.springframework.test.context.BootstrapUtils - Instantiating BootstrapContext using constructor [public org.springframework.test.context.support.DefaultBootstrapContext(java.lang.Class,org.springframework.test.context.CacheAwareContextLoaderDelegate)]
15:37:44.967 [Test worker] DEBUG org.springframework.test.context.BootstrapUtils - Instantiating TestContextBootstrapper for test class [tws.controller.ParkingBoyControllerTest] from class [org.springframework.boot.test.context.SpringBootTestContextBootstrapper]
15:37:44.976 [Test worker] INFO org.springframework.boot.test.context.SpringBootTestContextBootstrapper - Neither @ContextConfiguration nor @ContextHierarchy found for test class [tws.controller.ParkingBoyControllerTest], using SpringBootContextLoader
15:37:44.978 [Test worker] DEBUG org.springframework.test.context.support.AbstractContextLoader - Did not detect default resource location for test class [tws.controller.ParkingBoyControllerTest]: class path resource [tws/controller/ParkingBoyControllerTest-context.xml] does not exist
15:37:44.979 [Test worker] DEBUG org.springframework.test.context.support.AbstractContextLoader - Did not detect default resource location for test class [tws.controller.ParkingBoyControllerTest]: class path resource [tws/controller/ParkingBoyControllerTestContext.groovy] does not exist
15:37:44.979 [Test worker] INFO org.springframework.test.context.support.AbstractContextLoader - Could not detect default resource locations for test class [tws.controller.ParkingBoyControllerTest]: no resource found for suffixes {-context.xml, Context.groovy}.
15:37:44.979 [Test worker] INFO org.springframework.test.context.support.AnnotationConfigContextLoaderUtils - Could not detect default configuration classes for test class [tws.controller.ParkingBoyControllerTest]: ParkingBoyControllerTest does not declare any static, non-private, non-final, nested classes annotated with @Configuration.
15:37:45.018 [Test worker] DEBUG org.springframework.test.context.support.ActiveProfilesUtils - Could not find an 'annotation declaring class' for annotation type [org.springframework.test.context.ActiveProfiles] and class [tws.controller.ParkingBoyControllerTest]
15:37:45.023 [Test worker] DEBUG org.springframework.core.env.StandardEnvironment - Adding PropertySource 'systemProperties' with lowest search precedence
15:37:45.024 [Test worker] DEBUG org.springframework.core.env.StandardEnvironment - Adding PropertySource 'systemEnvironment' with lowest search precedence
15:37:45.024 [Test worker] DEBUG org.springframework.core.env.StandardEnvironment - Initialized StandardEnvironment with PropertySources [MapPropertySource@86007335 {name='systemProperties', properties={java.runtime.name=Java(TM) SE Runtime Environment, sun.boot.library.path=D:\software\Java\jdk1.8.0_211\jre\bin, java.vm.version=25.211-b12, java.vm.vendor=Oracle Corporation, java.vendor.url=http://java.oracle.com/, path.separator=;, java.vm.name=Java HotSpot(TM) 64-Bit Server VM, file.encoding.pkg=sun.io, user.script=, sun.java.launcher=SUN_STANDARD, user.country=CN, sun.os.patch.level=, java.vm.specification.name=Java Virtual Machine Specification, user.dir=D:\project\gitProjects\zyPeixun\java_persistence_practice_parking_lot_comprehensive-2019-8-26-2-21-50-376, java.runtime.version=1.8.0_211-b12, java.awt.graphicsenv=sun.awt.Win32GraphicsEnvironment, java.endorsed.dirs=D:\software\Java\jdk1.8.0_211\jre\lib\endorsed, os.arch=amd64, java.io.tmpdir=C:\Users\LIUYIN~1\AppData\Local\Temp\, line.separator=
, java.vm.specification.vendor=Oracle Corporation, user.variant=, os.name=Windows 10, sun.jnu.encoding=GBK, java.library.path=D:\software\Java\jdk1.8.0_211\bin;C:\Windows\Sun\Java\bin;C:\Windows\system32;C:\Windows;C:\Users\liuyinping\bin;D:\software\Git\mingw64\bin;D:\software\Git\usr\local\bin;D:\software\Git\usr\bin;D:\software\Git\usr\bin;D:\software\Git\mingw64\bin;D:\software\Git\usr\bin;C:\Users\liuyinping\bin;C:\Program Files (x86)\Common Files\Oracle\Java\javapath;D:\app\usertest\product\12.1.0\dbhome_1\bin;D:\project\product\11.2.0\client_1;C:\Windows\system32;C:\Windows;C:\Windows\System32\Wbem;C:\Windows\System32\WindowsPowerShell\v1.0;C:\Windows\System32\OpenSSH;C:\Program Files\Intel\WiFi\bin;C:\Program Files\Common Files\Intel\WirelessCommon;C:\Program Files (x86)\NVIDIA Corporation\PhysX\Common;C:\Program Files\NVIDIA Corporation\NVIDIA NvDLISR;D:\software\Java\jdk1.8.0_211\bin;D:\software\Git\cmd;D:\software\gradle-5.4.1\bin;D:\software\mysql-8.0.17-winx64\bin;D:\software\MySQL\MySQL Enterprise Backup 3.10.2;D:\software\MySQL\MySQL Utilities 1.4.3;D:\software\MySQL\MySQL Utilities 1.4.3\Doctrine extensions for PHP;C:\Users\liuyinping\AppData\Local\Microsoft\WindowsApps;D:\software\Microsoft VS Code\bin;D:\Program Files\dev\nvm;D:\Program Files\dev\nvm\npm;D:\Program Files\dev\nodejs;C:\Ruby25-x64\bin;D:\software\apache-maven-3.6.1\bin;C:\Users\liuyinping\AppData\Local\Microsoft\WindowsApps;D:\software\Microsoft VS Code\bin;D:\software\Git\usr\bin\vendor_perl;D:\software\Git\usr\bin\core_perl;., java.specification.name=Java Platform API Specification, java.class.version=52.0, org.gradle.native=false, sun.management.compiler=HotSpot 64-Bit Tiered Compilers, os.version=10.0, user.home=C:\Users\liuyinping, user.timezone=Asia/Shanghai, java.awt.printerjob=sun.awt.windows.WPrinterJob, file.encoding=GBK, java.specification.version=1.8, java.class.path=D:\project\gitProjects\zyPeixun\java_persistence_practice_parking_lot_comprehensive-2019-8-26-2-21-50-376\build\classes\java\test;D:\project\gitProjects\zyPeixun\java_persistence_practice_parking_lot_comprehensive-2019-8-26-2-21-50-376\build\resources\test;D:\project\gitProjects\zyPeixun\java_persistence_practice_parking_lot_comprehensive-2019-8-26-2-21-50-376\build\classes\java\main;D:\project\gitProjects\zyPeixun\java_persistence_practice_parking_lot_comprehensive-2019-8-26-2-21-50-376\build\resources\main;C:\Users\liuyinping\.gradle\caches\modules-2\files-2.1\com.h2database\h2\1.4.197\bb391050048ca8ae3e32451b5a3714ecd3596a46\h2-1.4.197.jar;C:\Users\liuyinping\.gradle\caches\modules-2\files-2.1\org.mybatis.spring.boot\mybatis-spring-boot-starter\2.1.0\d1a1b96573ade19ce0cd536e15565d216b05ff83\mybatis-spring-boot-starter-2.1.0.jar;C:\Users\liuyinping\.gradle\caches\modules-2\files-2.1\org.springframework.boot\spring-boot-starter-web\2.0.3.RELEASE\41fd4180bea3813de8f3c602b5a126218360315b\spring-boot-starter-web-2.0.3.RELEASE.jar;C:\Users\liuyinping\.gradle\caches\modules-2\files-2.1\org.flywaydb\flyway-core\5.0.7\71b796e103987cf8f24068f1f5490fac8f8e1126\flyway-core-5.0.7.jar;C:\Users\liuyinping\.gradle\caches\modules-2\files-2.1\org.mybatis.spring.boot\mybatis-spring-boot-starter-test\2.1.0\f1b3aa1957f76d9fc08fb4bba6a4f2a3678e4d99\mybatis-spring-boot-starter-test-2.1.0.jar;C:\Users\liuyinping\.gradle\caches\modules-2\files-2.1\org.springframework.boot\spring-boot-starter-test\2.0.3.RELEASE\1c624b1cc217bac010abce7a28df8169af4a7fa0\spring-boot-starter-test-2.0.3.RELEASE.jar;C:\Users\liuyinping\.gradle\caches\modules-2\files-2.1\org.springframework.boot\spring-boot-starter-jdbc\2.0.3.RELEASE\4f5f3411692a0f5efb60f7f583bdfcf49199a3d4\spring-boot-starter-jdbc-2.0.3.RELEASE.jar;C:\Users\liuyinping\.gradle\caches\modules-2\files-2.1\org.springframework.boot\spring-boot-starter-json\2.0.3.RELEASE\2e389a8727588c549c28bb277f0f573f65554850\spring-boot-starter-json-2.0.3.RELEASE.jar;C:\Users\liuyinping\.gradle\caches\modules-2\files-2.1\org.springframework.boot\spring-boot-starter\2.0.3.RELEASE\ffaa050dbd36b0441645598f1a7ddaf67fd5e678\spring-boot-starter-2.0.3.RELEASE.jar;C:\Users\liuyinping\.gradle\caches\modules-2\files-2.1\org.mybatis.spring.boot\mybatis-spring-boot-autoconfigure\2.1.0\9acb6ddd5c8e85c753c5e02c40143d80eec25d94\mybatis-spring-boot-autoconfigure-2.1.0.jar;C:\Users\liuyinping\.gradle\caches\modules-2\files-2.1\org.mybatis\mybatis\3.5.2\ecdede23e67304e1d47861851dc14cb53c0e369d\mybatis-3.5.2.jar;C:\Users\liuyinping\.gradle\caches\modules-2\files-2.1\org.mybatis\mybatis-spring\2.0.2\941968ebcb961c460cbb8f0e6fb165051905ca2f\mybatis-spring-2.0.2.jar;C:\Users\liuyinping\.gradle\caches\modules-2\files-2.1\org.springframework.boot\spring-boot-starter-tomcat\2.0.3.RELEASE\25a51a75bfb997b7b95d6760178ee3303863ec4b\spring-boot-starter-tomcat-2.0.3.RELEASE.jar;C:\Users\liuyinping\.gradle\caches\modules-2\files-2.1\org.hibernate.validator\hibernate-validator\6.0.10.Final\4236051a8d209c00f85e70918d5e26d9f3e5201e\hibernate-validator-6.0.10.Final.jar;C:\Users\liuyinping\.gradle\caches\modules-2\files-2.1\org.springframework\spring-webmvc\5.0.7.RELEASE\751c871527ec7ff335ffc76f2e737e297c0a8d30\spring-webmvc-5.0.7.RELEASE.jar;C:\Users\liuyinping\.gradle\caches\modules-2\files-2.1\org.springframework\spring-web\5.0.7.RELEASE\2e04c6c2922fbfa06b5948be14a5782db168b6ec\spring-web-5.0.7.RELEASE.jar;C:\Users\liuyinping\.gradle\caches\modules-2\files-2.1\org.mybatis.spring.boot\mybatis-spring-boot-test-autoconfigure\2.1.0\65fc40f01f8fc486159b23ce6fa2dd059f1d3b77\mybatis-spring-boot-test-autoconfigure-2.1.0.jar;C:\Users\liuyinping\.gradle\caches\modules-2\files-2.1\org.springframework.boot\spring-boot-test-autoconfigure\2.0.3.RELEASE\54e7d2167f2b926bf16a0ef8b91b6bfbd43826e7\spring-boot-test-autoconfigure-2.0.3.RELEASE.jar;C:\Users\liuyinping\.gradle\caches\modules-2\files-2.1\org.springframework.boot\spring-boot-test\2.0.3.RELEASE\5c9b4bb6cfce9ef6e53a0ff5fc4a7ff2867871d8\spring-boot-test-2.0.3.RELEASE.jar;C:\Users\liuyinping\.gradle\caches\modules-2\files-2.1\com.jayway.jsonpath\json-path\2.4.0\765a4401ceb2dc8d40553c2075eb80a8fa35c2ae\json-path-2.4.0.jar;C:\Users\liuyinping\.gradle\caches\modules-2\files-2.1\junit\junit\4.12\2973d150c0dc1fefe998f834810d68f278ea58ec\junit-4.12.jar;C:\Users\liuyinping\.gradle\caches\modules-2\files-2.1\org.assertj\assertj-core\3.9.1\c5ce126b15f28d56cd8f960c1a6a058b9c9aea87\assertj-core-3.9.1.jar;C:\Users\liuyinping\.gradle\caches\modules-2\files-2.1\org.mockito\mockito-core\2.15.0\b84bfbbc29cd22c9529409627af6ea2897f4fa85\mockito-core-2.15.0.jar;C:\Users\liuyinping\.gradle\caches\modules-2\files-2.1\org.hamcrest\hamcrest-library\1.3\4785a3c21320980282f9f33d0d1264a69040538f\hamcrest-library-1.3.jar;C:\Users\liuyinping\.gradle\caches\modules-2\files-2.1\org.hamcrest\hamcrest-core\1.3\42a25dc3219429f0e5d060061f71acb49bf010a0\hamcrest-core-1.3.jar;C:\Users\liuyinping\.gradle\caches\modules-2\files-2.1\org.skyscreamer\jsonassert\1.5.0\6c9d5fe2f59da598d9aefc1cfc6528ff3cf32df3\jsonassert-1.5.0.jar;C:\Users\liuyinping\.gradle\caches\modules-2\files-2.1\org.springframework\spring-test\5.0.7.RELEASE\bcb7505a316ea34b7e9a7ae5d4921be5b475c02d\spring-test-5.0.7.RELEASE.jar;C:\Users\liuyinping\.gradle\caches\modules-2\files-2.1\org.springframework.boot\spring-boot-autoconfigure\2.0.3.RELEASE\11bc4cc96b08fabad2b3186755818fa0b32d83f\spring-boot-autoconfigure-2.0.3.RELEASE.jar;C:\Users\liuyinping\.gradle\caches\modules-2\files-2.1\org.springframework.boot\spring-boot\2.0.3.RELEASE\b874870d915adbc3dd932e19077d3d45c8e54aa0\spring-boot-2.0.3.RELEASE.jar;C:\Users\liuyinping\.gradle\caches\modules-2\files-2.1\org.springframework\spring-jdbc\5.0.7.RELEASE\9c78c6b9a6c603f6589b480e165939cde7bab7f9\spring-jdbc-5.0.7.RELEASE.jar;C:\Users\liuyinping\.gradle\caches\modules-2\files-2.1\org.springframework\spring-context\5.0.7.RELEASE\243a23f8968de8754d8199d669780d683ab177bd\spring-context-5.0.7.RELEASE.jar;C:\Users\liuyinping\.gradle\caches\modules-2\files-2.1\org.springframework\spring-aop\5.0.7.RELEASE\fdd0b6aa3c9c7a188c3bfbf6dfd8d40e843be9ef\spring-aop-5.0.7.RELEASE.jar;C:\Users\liuyinping\.gradle\caches\modules-2\files-2.1\org.springframework\spring-tx\5.0.7.RELEASE\4ca59b21c61162adb146ad1b40c30b60d8dc42b8\spring-tx-5.0.7.RELEASE.jar;C:\Users\liuyinping\.gradle\caches\modules-2\files-2.1\org.springframework\spring-beans\5.0.7.RELEASE\c1196cb3e56da83e3c3a02ef323699f4b05feedc\spring-beans-5.0.7.RELEASE.jar;C:\Users\liuyinping\.gradle\caches\modules-2\files-2.1\org.springframework\spring-expression\5.0.7.RELEASE\ca01fb473f53dd0ee3c85663b26d5dc325602057\spring-expression-5.0.7.RELEASE.jar;C:\Users\liuyinping\.gradle\caches\modules-2\files-2.1\org.springframework\spring-core\5.0.7.RELEASE\54b731178d81e66eca9623df772ff32718208137\spring-core-5.0.7.RELEASE.jar;C:\Users\liuyinping\.gradle\caches\modules-2\files-2.1\org.xmlunit\xmlunit-core\2.5.1\4ffdb346572a7356f7521cd3119ce5287d2e339d\xmlunit-core-2.5.1.jar;C:\Users\liuyinping\.gradle\caches\modules-2\files-2.1\org.springframework.boot\spring-boot-starter-logging\2.0.3.RELEASE\7caad34f01d2688919e15e09a90467963e3d5190\spring-boot-starter-logging-2.0.3.RELEASE.jar;C:\Users\liuyinping\.gradle\caches\modules-2\files-2.1\javax.annotation\javax.annotation-api\1.3.2\934c04d3cfef185a8008e7bf34331b79730a9d43\javax.annotation-api-1.3.2.jar;C:\Users\liuyinping\.gradle\caches\modules-2\files-2.1\org.yaml\snakeyaml\1.19\2d998d3d674b172a588e54ab619854d073f555b5\snakeyaml-1.19.jar;C:\Users\liuyinping\.gradle\caches\modules-2\files-2.1\com.zaxxer\HikariCP\2.7.9\a83113d2c091d0d0f853dad3217bd7df3beb6ae3\HikariCP-2.7.9.jar;C:\Users\liuyinping\.gradle\caches\modules-2\files-2.1\com.fasterxml.jackson.datatype\jackson-datatype-jdk8\2.9.6\456895fc91bf7180b216fead220373e6278230c9\jackson-datatype-jdk8-2.9.6.jar;C:\Users\liuyinping\.gradle\caches\modules-2\files-2.1\com.fasterxml.jackson.datatype\jackson-datatype-jsr310\2.9.6\ea54f6193d224e5e5732bbd4262327eb465397c2\jackson-datatype-jsr310-2.9.6.jar;C:\Users\liuyinping\.gradle\caches\modules-2\files-2.1\com.fasterxml.jackson.module\jackson-module-parameter-names\2.9.6\129acd77a4b6ee30d62d3a0899b1344c8ec2bff8\jackson-module-parameter-names-2.9.6.jar;C:\Users\liuyinping\.gradle\caches\modules-2\files-2.1\com.fasterxml.jackson.core\jackson-databind\2.9.6\cfa4f316351a91bfd95cb0644c6a2c95f52db1fc\jackson-databind-2.9.6.jar;C:\Users\liuyinping\.gradle\caches\modules-2\files-2.1\org.apache.tomcat.embed\tomcat-embed-websocket\8.5.31\6564e716b89de5eaa0dd234ae7989576503ddf3\tomcat-embed-websocket-8.5.31.jar;C:\Users\liuyinping\.gradle\caches\modules-2\files-2.1\org.apache.tomcat.embed\tomcat-embed-core\8.5.31\f5adf7ed8c34aa005b22b6a2dc7b6796e10e9c79\tomcat-embed-core-8.5.31.jar;C:\Users\liuyinping\.gradle\caches\modules-2\files-2.1\org.apache.tomcat.embed\tomcat-embed-el\8.5.31\3a536e1ac71b82627c3a7408eb38fa0704cb9034\tomcat-embed-el-8.5.31.jar;C:\Users\liuyinping\.gradle\caches\modules-2\files-2.1\javax.validation\validation-api\2.0.1.Final\cb855558e6271b1b32e716d24cb85c7f583ce09e\validation-api-2.0.1.Final.jar;C:\Users\liuyinping\.gradle\caches\modules-2\files-2.1\org.jboss.logging\jboss-logging\3.3.2.Final\3789d00e859632e6c6206adc0c71625559e6e3b0\jboss-logging-3.3.2.Final.jar;C:\Users\liuyinping\.gradle\caches\modules-2\files-2.1\com.fasterxml\classmate\1.3.4\3d5f48f10bbe4eb7bd862f10c0583be2e0053c6\classmate-1.3.4.jar;C:\Users\liuyinping\.gradle\caches\modules-2\files-2.1\net.minidev\json-smart\2.3\7396407491352ce4fa30de92efb158adb76b5b\json-smart-2.3.jar;C:\Users\liuyinping\.gradle\caches\modules-2\files-2.1\ch.qos.logback\logback-classic\1.2.3\7c4f3c474fb2c041d8028740440937705ebb473a\logback-classic-1.2.3.jar;C:\Users\liuyinping\.gradle\caches\modules-2\files-2.1\org.apache.logging.log4j\log4j-to-slf4j\2.10.0\f7e631ccf49cfc0aefa4a2a728da7d374c05bd3c\log4j-to-slf4j-2.10.0.jar;C:\Users\liuyinping\.gradle\caches\modules-2\files-2.1\org.slf4j\jul-to-slf4j\1.7.25\af5364cd6679bfffb114f0dec8a157aaa283b76\jul-to-slf4j-1.7.25.jar;C:\Users\liuyinping\.gradle\caches\modules-2\files-2.1\org.slf4j\slf4j-api\1.7.25\da76ca59f6a57ee3102f8f9bd9cee742973efa8a\slf4j-api-1.7.25.jar;C:\Users\liuyinping\.gradle\caches\modules-2\files-2.1\net.bytebuddy\byte-buddy\1.7.11\f02857a4e2c66ccbe7aaad6100a0a6c461bce9b3\byte-buddy-1.7.11.jar;C:\Users\liuyinping\.gradle\caches\modules-2\files-2.1\net.bytebuddy\byte-buddy-agent\1.7.11\b425a8933ca07edd03c6dbc8bc3b595fba9780de\byte-buddy-agent-1.7.11.jar;C:\Users\liuyinping\.gradle\caches\modules-2\files-2.1\org.objenesis\objenesis\2.6\639033469776fd37c08358c6b92a4761feb2af4b\objenesis-2.6.jar;C:\Users\liuyinping\.gradle\caches\modules-2\files-2.1\com.vaadin.external.google\android-json\0.0.20131108.vaadin1\fa26d351fe62a6a17f5cda1287c1c6110dec413f\android-json-0.0.20131108.vaadin1.jar;C:\Users\liuyinping\.gradle\caches\modules-2\files-2.1\org.springframework\spring-jcl\5.0.7.RELEASE\699016ddf454c2c167d9f84ae5777eccadf54728\spring-jcl-5.0.7.RELEASE.jar;C:\Users\liuyinping\.gradle\caches\modules-2\files-2.1\com.fasterxml.jackson.core\jackson-annotations\2.9.0\7c10d545325e3a6e72e06381afe469fd40eb701\jackson-annotations-2.9.0.jar;C:\Users\liuyinping\.gradle\caches\modules-2\files-2.1\com.fasterxml.jackson.core\jackson-core\2.9.6\4e393793c37c77e042ccc7be5a914ae39251b365\jackson-core-2.9.6.jar;C:\Users\liuyinping\.gradle\caches\modules-2\files-2.1\net.minidev\accessors-smart\1.2\c592b500269bfde36096641b01238a8350f8aa31\accessors-smart-1.2.jar;C:\Users\liuyinping\.gradle\caches\modules-2\files-2.1\ch.qos.logback\logback-core\1.2.3\864344400c3d4d92dfeb0a305dc87d953677c03c\logback-core-1.2.3.jar;C:\Users\liuyinping\.gradle\caches\modules-2\files-2.1\org.apache.logging.log4j\log4j-api\2.10.0\fec5797a55b786184a537abd39c3fa1449d752d6\log4j-api-2.10.0.jar;C:\Users\liuyinping\.gradle\caches\modules-2\files-2.1\org.ow2.asm\asm\5.0.4\da08b8cce7bbf903602a25a3a163ae252435795\asm-5.0.4.jar, user.name=liuyinping, java.vm.specification.version=1.8, sun.java.command=worker.org.gradle.process.internal.worker.GradleWorkerMain 'Gradle Test Executor 1', java.home=D:\software\Java\jdk1.8.0_211\jre, sun.arch.data.model=64, user.language=zh, java.specification.vendor=Oracle Corporation, awt.toolkit=sun.awt.windows.WToolkit, java.vm.info=mixed mode, java.version=1.8.0_211, java.ext.dirs=D:\software\Java\jdk1.8.0_211\jre\lib\ext;C:\Windows\Sun\Java\lib\ext, sun.boot.class.path=D:\software\Java\jdk1.8.0_211\jre\lib\resources.jar;D:\software\Java\jdk1.8.0_211\jre\lib\rt.jar;D:\software\Java\jdk1.8.0_211\jre\lib\sunrsasign.jar;D:\software\Java\jdk1.8.0_211\jre\lib\jsse.jar;D:\software\Java\jdk1.8.0_211\jre\lib\jce.jar;D:\software\Java\jdk1.8.0_211\jre\lib\charsets.jar;D:\software\Java\jdk1.8.0_211\jre\lib\jfr.jar;D:\software\Java\jdk1.8.0_211\jre\classes, java.vendor=Oracle Corporation, org.gradle.test.worker=1, file.separator=\, java.vendor.url.bug=http://bugreport.sun.com/bugreport/, sun.io.unicode.encoding=UnicodeLittle, sun.cpu.endian=little, sun.desktop=windows, sun.cpu.isalist=amd64}}, SystemEnvironmentPropertySource@684808350 {name='systemEnvironment', properties={PATH=C:\Users\liuyinping\bin;D:\software\Git\mingw64\bin;D:\software\Git\usr\local\bin;D:\software\Git\usr\bin;D:\software\Git\usr\bin;D:\software\Git\mingw64\bin;D:\software\Git\usr\bin;C:\Users\liuyinping\bin;C:\Program Files (x86)\Common Files\Oracle\Java\javapath;D:\app\usertest\product\12.1.0\dbhome_1\bin;D:\project\product\11.2.0\client_1;C:\Windows\system32;C:\Windows;C:\Windows\System32\Wbem;C:\Windows\System32\WindowsPowerShell\v1.0;C:\Windows\System32\OpenSSH;C:\Program Files\Intel\WiFi\bin;C:\Program Files\Common Files\Intel\WirelessCommon;C:\Program Files (x86)\NVIDIA Corporation\PhysX\Common;C:\Program Files\NVIDIA Corporation\NVIDIA NvDLISR;D:\software\Java\jdk1.8.0_211\bin;D:\software\Git\cmd;D:\software\gradle-5.4.1\bin;D:\software\mysql-8.0.17-winx64\bin;D:\software\MySQL\MySQL Enterprise Backup 3.10.2;D:\software\MySQL\MySQL Utilities 1.4.3;D:\software\MySQL\MySQL Utilities 1.4.3\Doctrine extensions for PHP;C:\Users\liuyinping\AppData\Local\Microsoft\WindowsApps;D:\software\Microsoft VS Code\bin;D:\Program Files\dev\nvm;D:\Program Files\dev\nvm\npm;D:\Program Files\dev\nodejs;C:\Ruby25-x64\bin;D:\software\apache-maven-3.6.1\bin;C:\Users\liuyinping\AppData\Local\Microsoft\WindowsApps;D:\software\Microsoft VS Code\bin;D:\software\Git\usr\bin\vendor_perl;D:\software\Git\usr\bin\core_perl, USERDOMAIN_ROAMINGPROFILE=LAPTOP-NAF4NTA9, PKG_CONFIG_PATH=D:\software\Git\mingw64\lib\pkgconfig;D:\software\Git\mingw64\share\pkgconfig, MSYSTEM_PREFIX=D:/software/Git/mingw64, NVM_SYMLINK=D:\Program Files\dev\nodejs, PROCESSOR_LEVEL=6, SYSTEMDRIVE=C:, CONFIG_SITE=D:/software/Git/mingw64/etc/config.site, SESSIONNAME=Console, ALLUSERSPROFILE=C:\ProgramData, PROCESSOR_ARCHITECTURE=AMD64, MSYSTEM_CHOST=x86_64-w64-mingw32, PS1=\[\033]0;$TITLEPREFIX:$PWD\007\]\n\[\033[32m\]\u@\h \[\033[35m\]$MSYSTEM \[\033[33m\]\w\[\033[36m\]`__git_ps1`\[\033[0m\]\n$ , PSModulePath=C:\Program Files\WindowsPowerShell\Modules;C:\Windows\system32\WindowsPowerShell\v1.0\Modules, MAVEN_HOME=D:\software\apache-maven-3.6.1, ORIGINAL_TEMP=C:/Users/LIUYIN~1/AppData/Local/Temp, PROGRAMFILES=C:\Program Files, MOZ_PLUGIN_PATH=D:\software\foxit\Foxit Reader\plugins\, DIRNAME=D:\project\gitProjects\zyPeixun\java_persistence_practice_parking_lot_comprehensive-2019-8-26-2-21-50-376\, USERNAME=liuyinping, NPM_HOME=D:\Program Files\dev\nvm\npm, PWD=D:/project/gitProjects/zyPeixun/java_persistence_practice_parking_lot_comprehensive-2019-8-26-2-21-50-376, CMD_LINE_ARGS=test, ProgramFiles(x86)=C:\Program Files (x86), INFOPATH=D:\software\Git\usr\local\info;D:\software\Git\usr\share\info;D:\software\Git\usr\info;D:\software\Git\share\info, FPS_BROWSER_USER_PROFILE_STRING=Default, APP_HOME=D:\project\gitProjects\zyPeixun\java_persistence_practice_parking_lot_comprehensive-2019-8-26-2-21-50-376\, DEFAULT_JVM_OPTS="-Xmx64m" "-Xms64m", PATHEXT=.COM;.EXE;.BAT;.CMD;.VBS;.VBE;.JS;.JSE;.WSF;.WSH;.MSC, SHELL=D:\software\Git\usr\bin\bash.exe, DriverData=C:\Windows\System32\Drivers\DriverData, ORIGINAL_TMP=C:/Users/LIUYIN~1/AppData/Local/Temp, TMPDIR=C:\Users\LIUYIN~1\AppData\Local\Temp, WINDIR=C:\Windows, ProgramData=C:\ProgramData, ProgramW6432=C:\Program Files, SSH_ASKPASS=D:/software/Git/mingw64/libexec/git-core/git-gui--askpass, HOMEPATH=\Users\liuyinping, MYSQL_HOME=D:\software\mysql-8.0.17-winx64, PROCESSOR_IDENTIFIER=Intel64 Family 6 Model 142 Stepping 11, GenuineIntel, PUBLIC=C:\Users\Public, MINGW_CHOST=x86_64-w64-mingw32, =::=::\, EXEPATH=D:\software\Git, SHLVL=1, _SKIP=2, LOCALAPPDATA=C:\Users\liuyinping\AppData\Local, ORIGINAL_PATH=D:\software\Git\mingw64\bin;D:\software\Git\usr\bin;C:\Users\liuyinping\bin;C:\Program Files (x86)\Common Files\Oracle\Java\javapath;D:\app\usertest\product\12.1.0\dbhome_1\bin;D:\project\product\11.2.0\client_1;C:\Windows\system32;C:\Windows;C:\Windows\System32\Wbem;C:\Windows\System32\WindowsPowerShell\v1.0;C:\Windows\System32\OpenSSH;C:\Program Files\Intel\WiFi\bin;C:\Program Files\Common Files\Intel\WirelessCommon;C:\Program Files (x86)\NVIDIA Corporation\PhysX\Common;C:\Program Files\NVIDIA Corporation\NVIDIA NvDLISR;D:\software\Java\jdk1.8.0_211\bin;D:\software\Git\cmd;D:\software\gradle-5.4.1\bin;D:\software\mysql-8.0.17-winx64\bin;D:\software\MySQL\MySQL Enterprise Backup 3.10.2;D:\software\MySQL\MySQL Utilities 1.4.3;D:\software\MySQL\MySQL Utilities 1.4.3\Doctrine extensions for PHP;C:\Users\liuyinping\AppData\Local\Microsoft\WindowsApps;D:\software\Microsoft VS Code\bin;D:\Program Files\dev\nvm;D:\Program Files\dev\nvm\npm;D:\Program Files\dev\nodejs;C:\Ruby25-x64\bin;D:\software\apache-maven-3.6.1\bin;C:\Users\liuyinping\AppData\Local\Microsoft\WindowsApps;D:\software\Microsoft VS Code\bin, MANPATH=D:\software\Git\mingw64\local\man;D:\software\Git\mingw64\share\man;D:\software\Git\usr\local\man;D:\software\Git\usr\share\man;D:\software\Git\usr\man;D:\software\Git\share\man, MINGW_PACKAGE_PREFIX=mingw-w64-x86_64, USERDOMAIN=LAPTOP-NAF4NTA9, FPS_BROWSER_APP_PROFILE_STRING=Internet Explorer, LOGONSERVER=\\LAPTOP-NAF4NTA9, JAVA_HOME=D:\software\Java\jdk1.8.0_211, PLINK_PROTOCOL=ssh, PROMPT=$P$G, TERM=xterm, LANG=zh_CN.UTF-8, GRADLE_HOME=D:\software\gradle-5.4.1, MINGW_PREFIX=D:/software/Git/mingw64, DISPLAY=needs-to-be-defined, MSYSTEM=MINGW64, OneDrive=C:\Users\liuyinping\OneDrive, APPDATA=C:\Users\liuyinping\AppData\Roaming, SYSTEMROOT=C:\Windows, JAVA_EXE=D:\software\Java\jdk1.8.0_211/bin/java.exe, _=./gradlew.bat, OS=Windows_NT, COMPUTERNAME=LAPTOP-NAF4NTA9, COMMONPROGRAMFILES=C:\Program Files\Common Files, COMSPEC=C:\Windows\system32\cmd.exe, NVM_HOME=D:\Program Files\dev\nvm, PROCESSOR_REVISION=8e0b, CLASSPATH=D:\project\gitProjects\zyPeixun\java_persistence_practice_parking_lot_comprehensive-2019-8-26-2-21-50-376\\gradle\wrapper\gradle-wrapper.jar, CommonProgramW6432=C:\Program Files\Common Files, ACLOCAL_PATH=D:\software\Git\mingw64\share\aclocal;D:\software\Git\usr\share\aclocal, APP_BASE_NAME=gradlew, MSYSTEM_CARCH=x86_64, =D:=D:\project\gitProjects\zyPeixun\java_persistence_practice_parking_lot_comprehensive-2019-8-26-2-21-50-376, TEMP=C:\Users\LIUYIN~1\AppData\Local\Temp, HOSTNAME=LAPTOP-NAF4NTA9, HOMEDRIVE=C:, USERPROFILE=C:\Users\liuyinping, TMP=C:\Users\LIUYIN~1\AppData\Local\Temp, CommonProgramFiles(x86)=C:\Program Files (x86)\Common Files, NUMBER_OF_PROCESSORS=8, HOME=C:\Users\liuyinping}}]
15:37:45.034 [Test worker] DEBUG org.springframework.core.io.support.PathMatchingResourcePatternResolver - Resolved classpath location [tws/controller/] to resources [URL [file:/D:/project/gitProjects/zyPeixun/java_persistence_practice_parking_lot_comprehensive-2019-8-26-2-21-50-376/build/classes/java/test/tws/controller/], URL [file:/D:/project/gitProjects/zyPeixun/java_persistence_practice_parking_lot_comprehensive-2019-8-26-2-21-50-376/build/classes/java/main/tws/controller/]]
15:37:45.034 [Test worker] DEBUG org.springframework.core.io.support.PathMatchingResourcePatternResolver - Looking for matching resources in directory tree [D:\project\gitProjects\zyPeixun\java_persistence_practice_parking_lot_comprehensive-2019-8-26-2-21-50-376\build\classes\java\test\tws\controller]
15:37:45.035 [Test worker] DEBUG org.springframework.core.io.support.PathMatchingResourcePatternResolver - Searching directory [D:\project\gitProjects\zyPeixun\java_persistence_practice_parking_lot_comprehensive-2019-8-26-2-21-50-376\build\classes\java\test\tws\controller] for files matching pattern [D:/project/gitProjects/zyPeixun/java_persistence_practice_parking_lot_comprehensive-2019-8-26-2-21-50-376/build/classes/java/test/tws/controller/*.class]
15:37:45.037 [Test worker] DEBUG org.springframework.core.io.support.PathMatchingResourcePatternResolver - Looking for matching resources in directory tree [D:\project\gitProjects\zyPeixun\java_persistence_practice_parking_lot_comprehensive-2019-8-26-2-21-50-376\build\classes\java\main\tws\controller]
15:37:45.037 [Test worker] DEBUG org.springframework.core.io.support.PathMatchingResourcePatternResolver - Searching directory [D:\project\gitProjects\zyPeixun\java_persistence_practice_parking_lot_comprehensive-2019-8-26-2-21-50-376\build\classes\java\main\tws\controller] for files matching pattern [D:/project/gitProjects/zyPeixun/java_persistence_practice_parking_lot_comprehensive-2019-8-26-2-21-50-376/build/classes/java/main/tws/controller/*.class]
15:37:45.038 [Test worker] DEBUG org.springframework.core.io.support.PathMatchingResourcePatternResolver - Resolved location pattern [classpath*:tws/controller/*.class] to resources [file [D:\project\gitProjects\zyPeixun\java_persistence_practice_parking_lot_comprehensive-2019-8-26-2-21-50-376\build\classes\java\test\tws\controller\ParkingBoyControllerTest.class], file [D:\project\gitProjects\zyPeixun\java_persistence_practice_parking_lot_comprehensive-2019-8-26-2-21-50-376\build\classes\java\test\tws\controller\ParkingLotControllerTest.class], file [D:\project\gitProjects\zyPeixun\java_persistence_practice_parking_lot_comprehensive-2019-8-26-2-21-50-376\build\classes\java\main\tws\controller\EmployeeController.class], file [D:\project\gitProjects\zyPeixun\java_persistence_practice_parking_lot_comprehensive-2019-8-26-2-21-50-376\build\classes\java\main\tws\controller\ParkingBoyController.class], file [D:\project\gitProjects\zyPeixun\java_persistence_practice_parking_lot_comprehensive-2019-8-26-2-21-50-376\build\classes\java\main\tws\controller\ParkingLotController.class]]
15:37:45.063 [Test worker] DEBUG org.springframework.core.io.support.PathMatchingResourcePatternResolver - Resolved classpath location [tws/] to resources [URL [file:/D:/project/gitProjects/zyPeixun/java_persistence_practice_parking_lot_comprehensive-2019-8-26-2-21-50-376/build/classes/java/test/tws/], URL [file:/D:/project/gitProjects/zyPeixun/java_persistence_practice_parking_lot_comprehensive-2019-8-26-2-21-50-376/build/classes/java/main/tws/]]
15:37:45.064 [Test worker] DEBUG org.springframework.core.io.support.PathMatchingResourcePatternResolver - Looking for matching resources in directory tree [D:\project\gitProjects\zyPeixun\java_persistence_practice_parking_lot_comprehensive-2019-8-26-2-21-50-376\build\classes\java\test\tws]
15:37:45.064 [Test worker] DEBUG org.springframework.core.io.support.PathMatchingResourcePatternResolver - Searching directory [D:\project\gitProjects\zyPeixun\java_persistence_practice_parking_lot_comprehensive-2019-8-26-2-21-50-376\build\classes\java\test\tws] for files matching pattern [D:/project/gitProjects/zyPeixun/java_persistence_practice_parking_lot_comprehensive-2019-8-26-2-21-50-376/build/classes/java/test/tws/*.class]
15:37:45.064 [Test worker] DEBUG org.springframework.core.io.support.PathMatchingResourcePatternResolver - Looking for matching resources in directory tree [D:\project\gitProjects\zyPeixun\java_persistence_practice_parking_lot_comprehensive-2019-8-26-2-21-50-376\build\classes\java\main\tws]
15:37:45.064 [Test worker] DEBUG org.springframework.core.io.support.PathMatchingResourcePatternResolver - Searching directory [D:\project\gitProjects\zyPeixun\java_persistence_practice_parking_lot_comprehensive-2019-8-26-2-21-50-376\build\classes\java\main\tws] for files matching pattern [D:/project/gitProjects/zyPeixun/java_persistence_practice_parking_lot_comprehensive-2019-8-26-2-21-50-376/build/classes/java/main/tws/*.class]
15:37:45.065 [Test worker] DEBUG org.springframework.core.io.support.PathMatchingResourcePatternResolver - Resolved location pattern [classpath*:tws/*.class] to resources [file [D:\project\gitProjects\zyPeixun\java_persistence_practice_parking_lot_comprehensive-2019-8-26-2-21-50-376\build\classes\java\main\tws\Application.class]]
15:37:45.079 [Test worker] DEBUG org.springframework.context.annotation.ClassPathScanningCandidateComponentProvider - Identified candidate component class: file [D:\project\gitProjects\zyPeixun\java_persistence_practice_parking_lot_comprehensive-2019-8-26-2-21-50-376\build\classes\java\main\tws\Application.class]
15:37:45.080 [Test worker] INFO org.springframework.boot.test.context.SpringBootTestContextBootstrapper - Found @SpringBootConfiguration tws.Application for test class tws.controller.ParkingBoyControllerTest
15:37:45.174 [Test worker] DEBUG org.springframework.boot.test.context.SpringBootTestContextBootstrapper - @TestExecutionListeners is not present for class [tws.controller.ParkingBoyControllerTest]: using defaults.
15:37:45.174 [Test worker] INFO org.springframework.boot.test.context.SpringBootTestContextBootstrapper - Loaded default TestExecutionListener class names from location [META-INF/spring.factories]: [org.springframework.boot.test.autoconfigure.restdocs.RestDocsTestExecutionListener, org.springframework.boot.test.autoconfigure.web.client.MockRestServiceServerResetTestExecutionListener, org.springframework.boot.test.autoconfigure.web.servlet.MockMvcPrintOnlyOnFailureTestExecutionListener, org.springframework.boot.test.autoconfigure.web.servlet.WebDriverTestExecutionListener, org.springframework.boot.test.mock.mockito.MockitoTestExecutionListener, org.springframework.boot.test.mock.mockito.ResetMocksTestExecutionListener, org.springframework.test.context.web.ServletTestExecutionListener, org.springframework.test.context.support.DirtiesContextBeforeModesTestExecutionListener, org.springframework.test.context.support.DependencyInjectionTestExecutionListener, org.springframework.test.context.support.DirtiesContextTestExecutionListener, org.springframework.test.context.transaction.TransactionalTestExecutionListener, org.springframework.test.context.jdbc.SqlScriptsTestExecutionListener]
15:37:45.193 [Test worker] INFO org.springframework.boot.test.context.SpringBootTestContextBootstrapper - Using TestExecutionListeners: [org.springframework.test.context.web.ServletTestExecutionListener@3a313267, org.springframework.test.context.support.DirtiesContextBeforeModesTestExecutionListener@1990c412, org.springframework.boot.test.mock.mockito.MockitoTestExecutionListener@44944f8d, org.springframework.boot.test.autoconfigure.SpringBootDependencyInjectionTestExecutionListener@2d6915d, org.springframework.test.context.support.DirtiesContextTestExecutionListener@3147296a, org.springframework.test.context.transaction.TransactionalTestExecutionListener@2e68db04, org.springframework.test.context.jdbc.SqlScriptsTestExecutionListener@48e61163, org.springframework.boot.test.autoconfigure.restdocs.RestDocsTestExecutionListener@7e8c3d5b, org.springframework.boot.test.autoconfigure.web.client.MockRestServiceServerResetTestExecutionListener@76084799, org.springframework.boot.test.autoconfigure.web.servlet.MockMvcPrintOnlyOnFailureTestExecutionListener@1ed012a7, org.springframework.boot.test.autoconfigure.web.servlet.WebDriverTestExecutionListener@66c56517, org.springframework.boot.test.mock.mockito.ResetMocksTestExecutionListener@79bcfa71]
15:37:45.195 [Test worker] DEBUG org.springframework.test.annotation.ProfileValueUtils - Retrieved @ProfileValueSourceConfiguration [null] for test class [tws.controller.ParkingBoyControllerTest]
15:37:45.196 [Test worker] DEBUG org.springframework.test.annotation.ProfileValueUtils - Retrieved ProfileValueSource type [class org.springframework.test.annotation.SystemProfileValueSource] for class [tws.controller.ParkingBoyControllerTest]
15:37:45.196 [Test worker] DEBUG org.springframework.test.annotation.ProfileValueUtils - Retrieved @ProfileValueSourceConfiguration [null] for test class [tws.controller.ParkingBoyControllerTest]
15:37:45.196 [Test worker] DEBUG org.springframework.test.annotation.ProfileValueUtils - Retrieved ProfileValueSource type [class org.springframework.test.annotation.SystemProfileValueSource] for class [tws.controller.ParkingBoyControllerTest]
15:37:45.200 [Test worker] DEBUG org.springframework.test.context.support.AbstractDirtiesContextTestExecutionListener - Before test class: context [DefaultTestContext@7354ee2c testClass = ParkingBoyControllerTest, testInstance = [null], testMethod = [null], testException = [null], mergedContextConfiguration = [WebMergedContextConfiguration@2267ffa6 testClass = ParkingBoyControllerTest, locations = '{}', classes = '{class tws.Application}', contextInitializerClasses = '[]', activeProfiles = '{}', propertySourceLocations = '{}', propertySourceProperties = '{org.springframework.boot.test.context.SpringBootTestContextBootstrapper=true}', contextCustomizers = set[org.springframework.boot.test.autoconfigure.properties.PropertyMappingContextCustomizer@e7e8512, org.springframework.boot.test.autoconfigure.web.servlet.WebDriverContextCustomizerFactory$Customizer@11d48616, [ImportsContextCustomizer@472e27eb key = [org.springframework.boot.test.autoconfigure.web.servlet.MockMvcAutoConfiguration, org.springframework.boot.test.autoconfigure.web.servlet.MockMvcSecurityAutoConfiguration, org.springframework.boot.test.autoconfigure.web.servlet.MockMvcWebClientAutoConfiguration, org.springframework.boot.test.autoconfigure.web.servlet.MockMvcWebDriverAutoConfiguration]], org.springframework.boot.test.context.filter.ExcludeFilterContextCustomizer@708ea1e5, org.springframework.boot.test.json.DuplicateJsonObjectContextCustomizerFactory$DuplicateJsonObjectContextCustomizer@1220d5ef, org.springframework.boot.test.mock.mockito.MockitoContextCustomizer@0, org.springframework.boot.test.web.client.TestRestTemplateContextCustomizer@2ff1881c], resourceBasePath = 'src/main/webapp', contextLoader = 'org.springframework.boot.test.context.SpringBootContextLoader', parent = [null]], attributes = map['org.springframework.test.context.web.ServletTestExecutionListener.activateListener' -> true]], class annotated with @DirtiesContext [false] with mode [null].
15:37:45.201 [Test worker] DEBUG org.springframework.test.annotation.ProfileValueUtils - Retrieved @ProfileValueSourceConfiguration [null] for test class [tws.controller.ParkingBoyControllerTest]
15:37:45.202 [Test worker] DEBUG org.springframework.test.annotation.ProfileValueUtils - Retrieved ProfileValueSource type [class org.springframework.test.annotation.SystemProfileValueSource] for class [tws.controller.ParkingBoyControllerTest]
15:37:45.217 [Test worker] DEBUG org.springframework.core.env.StandardEnvironment - Adding PropertySource 'systemProperties' with lowest search precedence
15:37:45.218 [Test worker] DEBUG org.springframework.core.env.StandardEnvironment - Adding PropertySource 'systemEnvironment' with lowest search precedence
15:37:45.218 [Test worker] DEBUG org.springframework.core.env.StandardEnvironment - Initialized StandardEnvironment with PropertySources [MapPropertySource@2128934732 {name='systemProperties', properties={java.runtime.name=Java(TM) SE Runtime Environment, sun.boot.library.path=D:\software\Java\jdk1.8.0_211\jre\bin, java.vm.version=25.211-b12, java.vm.vendor=Oracle Corporation, java.vendor.url=http://java.oracle.com/, path.separator=;, java.vm.name=Java HotSpot(TM) 64-Bit Server VM, file.encoding.pkg=sun.io, user.script=, sun.java.launcher=SUN_STANDARD, user.country=CN, sun.os.patch.level=, java.vm.specification.name=Java Virtual Machine Specification, user.dir=D:\project\gitProjects\zyPeixun\java_persistence_practice_parking_lot_comprehensive-2019-8-26-2-21-50-376, java.runtime.version=1.8.0_211-b12, java.awt.graphicsenv=sun.awt.Win32GraphicsEnvironment, java.endorsed.dirs=D:\software\Java\jdk1.8.0_211\jre\lib\endorsed, os.arch=amd64, java.io.tmpdir=C:\Users\LIUYIN~1\AppData\Local\Temp\, line.separator=
, java.vm.specification.vendor=Oracle Corporation, user.variant=, os.name=Windows 10, sun.jnu.encoding=GBK, java.library.path=D:\software\Java\jdk1.8.0_211\bin;C:\Windows\Sun\Java\bin;C:\Windows\system32;C:\Windows;C:\Users\liuyinping\bin;D:\software\Git\mingw64\bin;D:\software\Git\usr\local\bin;D:\software\Git\usr\bin;D:\software\Git\usr\bin;D:\software\Git\mingw64\bin;D:\software\Git\usr\bin;C:\Users\liuyinping\bin;C:\Program Files (x86)\Common Files\Oracle\Java\javapath;D:\app\usertest\product\12.1.0\dbhome_1\bin;D:\project\product\11.2.0\client_1;C:\Windows\system32;C:\Windows;C:\Windows\System32\Wbem;C:\Windows\System32\WindowsPowerShell\v1.0;C:\Windows\System32\OpenSSH;C:\Program Files\Intel\WiFi\bin;C:\Program Files\Common Files\Intel\WirelessCommon;C:\Program Files (x86)\NVIDIA Corporation\PhysX\Common;C:\Program Files\NVIDIA Corporation\NVIDIA NvDLISR;D:\software\Java\jdk1.8.0_211\bin;D:\software\Git\cmd;D:\software\gradle-5.4.1\bin;D:\software\mysql-8.0.17-winx64\bin;D:\software\MySQL\MySQL Enterprise Backup 3.10.2;D:\software\MySQL\MySQL Utilities 1.4.3;D:\software\MySQL\MySQL Utilities 1.4.3\Doctrine extensions for PHP;C:\Users\liuyinping\AppData\Local\Microsoft\WindowsApps;D:\software\Microsoft VS Code\bin;D:\Program Files\dev\nvm;D:\Program Files\dev\nvm\npm;D:\Program Files\dev\nodejs;C:\Ruby25-x64\bin;D:\software\apache-maven-3.6.1\bin;C:\Users\liuyinping\AppData\Local\Microsoft\WindowsApps;D:\software\Microsoft VS Code\bin;D:\software\Git\usr\bin\vendor_perl;D:\software\Git\usr\bin\core_perl;., java.specification.name=Java Platform API Specification, java.class.version=52.0, org.gradle.native=false, sun.management.compiler=HotSpot 64-Bit Tiered Compilers, os.version=10.0, user.home=C:\Users\liuyinping, user.timezone=Asia/Shanghai, java.awt.printerjob=sun.awt.windows.WPrinterJob, file.encoding=GBK, java.specification.version=1.8, java.class.path=D:\project\gitProjects\zyPeixun\java_persistence_practice_parking_lot_comprehensive-2019-8-26-2-21-50-376\build\classes\java\test;D:\project\gitProjects\zyPeixun\java_persistence_practice_parking_lot_comprehensive-2019-8-26-2-21-50-376\build\resources\test;D:\project\gitProjects\zyPeixun\java_persistence_practice_parking_lot_comprehensive-2019-8-26-2-21-50-376\build\classes\java\main;D:\project\gitProjects\zyPeixun\java_persistence_practice_parking_lot_comprehensive-2019-8-26-2-21-50-376\build\resources\main;C:\Users\liuyinping\.gradle\caches\modules-2\files-2.1\com.h2database\h2\1.4.197\bb391050048ca8ae3e32451b5a3714ecd3596a46\h2-1.4.197.jar;C:\Users\liuyinping\.gradle\caches\modules-2\files-2.1\org.mybatis.spring.boot\mybatis-spring-boot-starter\2.1.0\d1a1b96573ade19ce0cd536e15565d216b05ff83\mybatis-spring-boot-starter-2.1.0.jar;C:\Users\liuyinping\.gradle\caches\modules-2\files-2.1\org.springframework.boot\spring-boot-starter-web\2.0.3.RELEASE\41fd4180bea3813de8f3c602b5a126218360315b\spring-boot-starter-web-2.0.3.RELEASE.jar;C:\Users\liuyinping\.gradle\caches\modules-2\files-2.1\org.flywaydb\flyway-core\5.0.7\71b796e103987cf8f24068f1f5490fac8f8e1126\flyway-core-5.0.7.jar;C:\Users\liuyinping\.gradle\caches\modules-2\files-2.1\org.mybatis.spring.boot\mybatis-spring-boot-starter-test\2.1.0\f1b3aa1957f76d9fc08fb4bba6a4f2a3678e4d99\mybatis-spring-boot-starter-test-2.1.0.jar;C:\Users\liuyinping\.gradle\caches\modules-2\files-2.1\org.springframework.boot\spring-boot-starter-test\2.0.3.RELEASE\1c624b1cc217bac010abce7a28df8169af4a7fa0\spring-boot-starter-test-2.0.3.RELEASE.jar;C:\Users\liuyinping\.gradle\caches\modules-2\files-2.1\org.springframework.boot\spring-boot-starter-jdbc\2.0.3.RELEASE\4f5f3411692a0f5efb60f7f583bdfcf49199a3d4\spring-boot-starter-jdbc-2.0.3.RELEASE.jar;C:\Users\liuyinping\.gradle\caches\modules-2\files-2.1\org.springframework.boot\spring-boot-starter-json\2.0.3.RELEASE\2e389a8727588c549c28bb277f0f573f65554850\spring-boot-starter-json-2.0.3.RELEASE.jar;C:\Users\liuyinping\.gradle\caches\modules-2\files-2.1\org.springframework.boot\spring-boot-starter\2.0.3.RELEASE\ffaa050dbd36b0441645598f1a7ddaf67fd5e678\spring-boot-starter-2.0.3.RELEASE.jar;C:\Users\liuyinping\.gradle\caches\modules-2\files-2.1\org.mybatis.spring.boot\mybatis-spring-boot-autoconfigure\2.1.0\9acb6ddd5c8e85c753c5e02c40143d80eec25d94\mybatis-spring-boot-autoconfigure-2.1.0.jar;C:\Users\liuyinping\.gradle\caches\modules-2\files-2.1\org.mybatis\mybatis\3.5.2\ecdede23e67304e1d47861851dc14cb53c0e369d\mybatis-3.5.2.jar;C:\Users\liuyinping\.gradle\caches\modules-2\files-2.1\org.mybatis\mybatis-spring\2.0.2\941968ebcb961c460cbb8f0e6fb165051905ca2f\mybatis-spring-2.0.2.jar;C:\Users\liuyinping\.gradle\caches\modules-2\files-2.1\org.springframework.boot\spring-boot-starter-tomcat\2.0.3.RELEASE\25a51a75bfb997b7b95d6760178ee3303863ec4b\spring-boot-starter-tomcat-2.0.3.RELEASE.jar;C:\Users\liuyinping\.gradle\caches\modules-2\files-2.1\org.hibernate.validator\hibernate-validator\6.0.10.Final\4236051a8d209c00f85e70918d5e26d9f3e5201e\hibernate-validator-6.0.10.Final.jar;C:\Users\liuyinping\.gradle\caches\modules-2\files-2.1\org.springframework\spring-webmvc\5.0.7.RELEASE\751c871527ec7ff335ffc76f2e737e297c0a8d30\spring-webmvc-5.0.7.RELEASE.jar;C:\Users\liuyinping\.gradle\caches\modules-2\files-2.1\org.springframework\spring-web\5.0.7.RELEASE\2e04c6c2922fbfa06b5948be14a5782db168b6ec\spring-web-5.0.7.RELEASE.jar;C:\Users\liuyinping\.gradle\caches\modules-2\files-2.1\org.mybatis.spring.boot\mybatis-spring-boot-test-autoconfigure\2.1.0\65fc40f01f8fc486159b23ce6fa2dd059f1d3b77\mybatis-spring-boot-test-autoconfigure-2.1.0.jar;C:\Users\liuyinping\.gradle\caches\modules-2\files-2.1\org.springframework.boot\spring-boot-test-autoconfigure\2.0.3.RELEASE\54e7d2167f2b926bf16a0ef8b91b6bfbd43826e7\spring-boot-test-autoconfigure-2.0.3.RELEASE.jar;C:\Users\liuyinping\.gradle\caches\modules-2\files-2.1\org.springframework.boot\spring-boot-test\2.0.3.RELEASE\5c9b4bb6cfce9ef6e53a0ff5fc4a7ff2867871d8\spring-boot-test-2.0.3.RELEASE.jar;C:\Users\liuyinping\.gradle\caches\modules-2\files-2.1\com.jayway.jsonpath\json-path\2.4.0\765a4401ceb2dc8d40553c2075eb80a8fa35c2ae\json-path-2.4.0.jar;C:\Users\liuyinping\.gradle\caches\modules-2\files-2.1\junit\junit\4.12\2973d150c0dc1fefe998f834810d68f278ea58ec\junit-4.12.jar;C:\Users\liuyinping\.gradle\caches\modules-2\files-2.1\org.assertj\assertj-core\3.9.1\c5ce126b15f28d56cd8f960c1a6a058b9c9aea87\assertj-core-3.9.1.jar;C:\Users\liuyinping\.gradle\caches\modules-2\files-2.1\org.mockito\mockito-core\2.15.0\b84bfbbc29cd22c9529409627af6ea2897f4fa85\mockito-core-2.15.0.jar;C:\Users\liuyinping\.gradle\caches\modules-2\files-2.1\org.hamcrest\hamcrest-library\1.3\4785a3c21320980282f9f33d0d1264a69040538f\hamcrest-library-1.3.jar;C:\Users\liuyinping\.gradle\caches\modules-2\files-2.1\org.hamcrest\hamcrest-core\1.3\42a25dc3219429f0e5d060061f71acb49bf010a0\hamcrest-core-1.3.jar;C:\Users\liuyinping\.gradle\caches\modules-2\files-2.1\org.skyscreamer\jsonassert\1.5.0\6c9d5fe2f59da598d9aefc1cfc6528ff3cf32df3\jsonassert-1.5.0.jar;C:\Users\liuyinping\.gradle\caches\modules-2\files-2.1\org.springframework\spring-test\5.0.7.RELEASE\bcb7505a316ea34b7e9a7ae5d4921be5b475c02d\spring-test-5.0.7.RELEASE.jar;C:\Users\liuyinping\.gradle\caches\modules-2\files-2.1\org.springframework.boot\spring-boot-autoconfigure\2.0.3.RELEASE\11bc4cc96b08fabad2b3186755818fa0b32d83f\spring-boot-autoconfigure-2.0.3.RELEASE.jar;C:\Users\liuyinping\.gradle\caches\modules-2\files-2.1\org.springframework.boot\spring-boot\2.0.3.RELEASE\b874870d915adbc3dd932e19077d3d45c8e54aa0\spring-boot-2.0.3.RELEASE.jar;C:\Users\liuyinping\.gradle\caches\modules-2\files-2.1\org.springframework\spring-jdbc\5.0.7.RELEASE\9c78c6b9a6c603f6589b480e165939cde7bab7f9\spring-jdbc-5.0.7.RELEASE.jar;C:\Users\liuyinping\.gradle\caches\modules-2\files-2.1\org.springframework\spring-context\5.0.7.RELEASE\243a23f8968de8754d8199d669780d683ab177bd\spring-context-5.0.7.RELEASE.jar;C:\Users\liuyinping\.gradle\caches\modules-2\files-2.1\org.springframework\spring-aop\5.0.7.RELEASE\fdd0b6aa3c9c7a188c3bfbf6dfd8d40e843be9ef\spring-aop-5.0.7.RELEASE.jar;C:\Users\liuyinping\.gradle\caches\modules-2\files-2.1\org.springframework\spring-tx\5.0.7.RELEASE\4ca59b21c61162adb146ad1b40c30b60d8dc42b8\spring-tx-5.0.7.RELEASE.jar;C:\Users\liuyinping\.gradle\caches\modules-2\files-2.1\org.springframework\spring-beans\5.0.7.RELEASE\c1196cb3e56da83e3c3a02ef323699f4b05feedc\spring-beans-5.0.7.RELEASE.jar;C:\Users\liuyinping\.gradle\caches\modules-2\files-2.1\org.springframework\spring-expression\5.0.7.RELEASE\ca01fb473f53dd0ee3c85663b26d5dc325602057\spring-expression-5.0.7.RELEASE.jar;C:\Users\liuyinping\.gradle\caches\modules-2\files-2.1\org.springframework\spring-core\5.0.7.RELEASE\54b731178d81e66eca9623df772ff32718208137\spring-core-5.0.7.RELEASE.jar;C:\Users\liuyinping\.gradle\caches\modules-2\files-2.1\org.xmlunit\xmlunit-core\2.5.1\4ffdb346572a7356f7521cd3119ce5287d2e339d\xmlunit-core-2.5.1.jar;C:\Users\liuyinping\.gradle\caches\modules-2\files-2.1\org.springframework.boot\spring-boot-starter-logging\2.0.3.RELEASE\7caad34f01d2688919e15e09a90467963e3d5190\spring-boot-starter-logging-2.0.3.RELEASE.jar;C:\Users\liuyinping\.gradle\caches\modules-2\files-2.1\javax.annotation\javax.annotation-api\1.3.2\934c04d3cfef185a8008e7bf34331b79730a9d43\javax.annotation-api-1.3.2.jar;C:\Users\liuyinping\.gradle\caches\modules-2\files-2.1\org.yaml\snakeyaml\1.19\2d998d3d674b172a588e54ab619854d073f555b5\snakeyaml-1.19.jar;C:\Users\liuyinping\.gradle\caches\modules-2\files-2.1\com.zaxxer\HikariCP\2.7.9\a83113d2c091d0d0f853dad3217bd7df3beb6ae3\HikariCP-2.7.9.jar;C:\Users\liuyinping\.gradle\caches\modules-2\files-2.1\com.fasterxml.jackson.datatype\jackson-datatype-jdk8\2.9.6\456895fc91bf7180b216fead220373e6278230c9\jackson-datatype-jdk8-2.9.6.jar;C:\Users\liuyinping\.gradle\caches\modules-2\files-2.1\com.fasterxml.jackson.datatype\jackson-datatype-jsr310\2.9.6\ea54f6193d224e5e5732bbd4262327eb465397c2\jackson-datatype-jsr310-2.9.6.jar;C:\Users\liuyinping\.gradle\caches\modules-2\files-2.1\com.fasterxml.jackson.module\jackson-module-parameter-names\2.9.6\129acd77a4b6ee30d62d3a0899b1344c8ec2bff8\jackson-module-parameter-names-2.9.6.jar;C:\Users\liuyinping\.gradle\caches\modules-2\files-2.1\com.fasterxml.jackson.core\jackson-databind\2.9.6\cfa4f316351a91bfd95cb0644c6a2c95f52db1fc\jackson-databind-2.9.6.jar;C:\Users\liuyinping\.gradle\caches\modules-2\files-2.1\org.apache.tomcat.embed\tomcat-embed-websocket\8.5.31\6564e716b89de5eaa0dd234ae7989576503ddf3\tomcat-embed-websocket-8.5.31.jar;C:\Users\liuyinping\.gradle\caches\modules-2\files-2.1\org.apache.tomcat.embed\tomcat-embed-core\8.5.31\f5adf7ed8c34aa005b22b6a2dc7b6796e10e9c79\tomcat-embed-core-8.5.31.jar;C:\Users\liuyinping\.gradle\caches\modules-2\files-2.1\org.apache.tomcat.embed\tomcat-embed-el\8.5.31\3a536e1ac71b82627c3a7408eb38fa0704cb9034\tomcat-embed-el-8.5.31.jar;C:\Users\liuyinping\.gradle\caches\modules-2\files-2.1\javax.validation\validation-api\2.0.1.Final\cb855558e6271b1b32e716d24cb85c7f583ce09e\validation-api-2.0.1.Final.jar;C:\Users\liuyinping\.gradle\caches\modules-2\files-2.1\org.jboss.logging\jboss-logging\3.3.2.Final\3789d00e859632e6c6206adc0c71625559e6e3b0\jboss-logging-3.3.2.Final.jar;C:\Users\liuyinping\.gradle\caches\modules-2\files-2.1\com.fasterxml\classmate\1.3.4\3d5f48f10bbe4eb7bd862f10c0583be2e0053c6\classmate-1.3.4.jar;C:\Users\liuyinping\.gradle\caches\modules-2\files-2.1\net.minidev\json-smart\2.3\7396407491352ce4fa30de92efb158adb76b5b\json-smart-2.3.jar;C:\Users\liuyinping\.gradle\caches\modules-2\files-2.1\ch.qos.logback\logback-classic\1.2.3\7c4f3c474fb2c041d8028740440937705ebb473a\logback-classic-1.2.3.jar;C:\Users\liuyinping\.gradle\caches\modules-2\files-2.1\org.apache.logging.log4j\log4j-to-slf4j\2.10.0\f7e631ccf49cfc0aefa4a2a728da7d374c05bd3c\log4j-to-slf4j-2.10.0.jar;C:\Users\liuyinping\.gradle\caches\modules-2\files-2.1\org.slf4j\jul-to-slf4j\1.7.25\af5364cd6679bfffb114f0dec8a157aaa283b76\jul-to-slf4j-1.7.25.jar;C:\Users\liuyinping\.gradle\caches\modules-2\files-2.1\org.slf4j\slf4j-api\1.7.25\da76ca59f6a57ee3102f8f9bd9cee742973efa8a\slf4j-api-1.7.25.jar;C:\Users\liuyinping\.gradle\caches\modules-2\files-2.1\net.bytebuddy\byte-buddy\1.7.11\f02857a4e2c66ccbe7aaad6100a0a6c461bce9b3\byte-buddy-1.7.11.jar;C:\Users\liuyinping\.gradle\caches\modules-2\files-2.1\net.bytebuddy\byte-buddy-agent\1.7.11\b425a8933ca07edd03c6dbc8bc3b595fba9780de\byte-buddy-agent-1.7.11.jar;C:\Users\liuyinping\.gradle\caches\modules-2\files-2.1\org.objenesis\objenesis\2.6\639033469776fd37c08358c6b92a4761feb2af4b\objenesis-2.6.jar;C:\Users\liuyinping\.gradle\caches\modules-2\files-2.1\com.vaadin.external.google\android-json\0.0.20131108.vaadin1\fa26d351fe62a6a17f5cda1287c1c6110dec413f\android-json-0.0.20131108.vaadin1.jar;C:\Users\liuyinping\.gradle\caches\modules-2\files-2.1\org.springframework\spring-jcl\5.0.7.RELEASE\699016ddf454c2c167d9f84ae5777eccadf54728\spring-jcl-5.0.7.RELEASE.jar;C:\Users\liuyinping\.gradle\caches\modules-2\files-2.1\com.fasterxml.jackson.core\jackson-annotations\2.9.0\7c10d545325e3a6e72e06381afe469fd40eb701\jackson-annotations-2.9.0.jar;C:\Users\liuyinping\.gradle\caches\modules-2\files-2.1\com.fasterxml.jackson.core\jackson-core\2.9.6\4e393793c37c77e042ccc7be5a914ae39251b365\jackson-core-2.9.6.jar;C:\Users\liuyinping\.gradle\caches\modules-2\files-2.1\net.minidev\accessors-smart\1.2\c592b500269bfde36096641b01238a8350f8aa31\accessors-smart-1.2.jar;C:\Users\liuyinping\.gradle\caches\modules-2\files-2.1\ch.qos.logback\logback-core\1.2.3\864344400c3d4d92dfeb0a305dc87d953677c03c\logback-core-1.2.3.jar;C:\Users\liuyinping\.gradle\caches\modules-2\files-2.1\org.apache.logging.log4j\log4j-api\2.10.0\fec5797a55b786184a537abd39c3fa1449d752d6\log4j-api-2.10.0.jar;C:\Users\liuyinping\.gradle\caches\modules-2\files-2.1\org.ow2.asm\asm\5.0.4\da08b8cce7bbf903602a25a3a163ae252435795\asm-5.0.4.jar, user.name=liuyinping, java.vm.specification.version=1.8, sun.java.command=worker.org.gradle.process.internal.worker.GradleWorkerMain 'Gradle Test Executor 1', java.home=D:\software\Java\jdk1.8.0_211\jre, sun.arch.data.model=64, user.language=zh, java.specification.vendor=Oracle Corporation, awt.toolkit=sun.awt.windows.WToolkit, java.vm.info=mixed mode, java.version=1.8.0_211, java.ext.dirs=D:\software\Java\jdk1.8.0_211\jre\lib\ext;C:\Windows\Sun\Java\lib\ext, sun.boot.class.path=D:\software\Java\jdk1.8.0_211\jre\lib\resources.jar;D:\software\Java\jdk1.8.0_211\jre\lib\rt.jar;D:\software\Java\jdk1.8.0_211\jre\lib\sunrsasign.jar;D:\software\Java\jdk1.8.0_211\jre\lib\jsse.jar;D:\software\Java\jdk1.8.0_211\jre\lib\jce.jar;D:\software\Java\jdk1.8.0_211\jre\lib\charsets.jar;D:\software\Java\jdk1.8.0_211\jre\lib\jfr.jar;D:\software\Java\jdk1.8.0_211\jre\classes, java.vendor=Oracle Corporation, org.gradle.test.worker=1, file.separator=\, java.vendor.url.bug=http://bugreport.sun.com/bugreport/, sun.io.unicode.encoding=UnicodeLittle, sun.cpu.endian=little, sun.desktop=windows, sun.cpu.isalist=amd64}}, SystemEnvironmentPropertySource@1613823576 {name='systemEnvironment', properties={PATH=C:\Users\liuyinping\bin;D:\software\Git\mingw64\bin;D:\software\Git\usr\local\bin;D:\software\Git\usr\bin;D:\software\Git\usr\bin;D:\software\Git\mingw64\bin;D:\software\Git\usr\bin;C:\Users\liuyinping\bin;C:\Program Files (x86)\Common Files\Oracle\Java\javapath;D:\app\usertest\product\12.1.0\dbhome_1\bin;D:\project\product\11.2.0\client_1;C:\Windows\system32;C:\Windows;C:\Windows\System32\Wbem;C:\Windows\System32\WindowsPowerShell\v1.0;C:\Windows\System32\OpenSSH;C:\Program Files\Intel\WiFi\bin;C:\Program Files\Common Files\Intel\WirelessCommon;C:\Program Files (x86)\NVIDIA Corporation\PhysX\Common;C:\Program Files\NVIDIA Corporation\NVIDIA NvDLISR;D:\software\Java\jdk1.8.0_211\bin;D:\software\Git\cmd;D:\software\gradle-5.4.1\bin;D:\software\mysql-8.0.17-winx64\bin;D:\software\MySQL\MySQL Enterprise Backup 3.10.2;D:\software\MySQL\MySQL Utilities 1.4.3;D:\software\MySQL\MySQL Utilities 1.4.3\Doctrine extensions for PHP;C:\Users\liuyinping\AppData\Local\Microsoft\WindowsApps;D:\software\Microsoft VS Code\bin;D:\Program Files\dev\nvm;D:\Program Files\dev\nvm\npm;D:\Program Files\dev\nodejs;C:\Ruby25-x64\bin;D:\software\apache-maven-3.6.1\bin;C:\Users\liuyinping\AppData\Local\Microsoft\WindowsApps;D:\software\Microsoft VS Code\bin;D:\software\Git\usr\bin\vendor_perl;D:\software\Git\usr\bin\core_perl, USERDOMAIN_ROAMINGPROFILE=LAPTOP-NAF4NTA9, PKG_CONFIG_PATH=D:\software\Git\mingw64\lib\pkgconfig;D:\software\Git\mingw64\share\pkgconfig, MSYSTEM_PREFIX=D:/software/Git/mingw64, NVM_SYMLINK=D:\Program Files\dev\nodejs, PROCESSOR_LEVEL=6, SYSTEMDRIVE=C:, CONFIG_SITE=D:/software/Git/mingw64/etc/config.site, SESSIONNAME=Console, ALLUSERSPROFILE=C:\ProgramData, PROCESSOR_ARCHITECTURE=AMD64, MSYSTEM_CHOST=x86_64-w64-mingw32, PS1=\[\033]0;$TITLEPREFIX:$PWD\007\]\n\[\033[32m\]\u@\h \[\033[35m\]$MSYSTEM \[\033[33m\]\w\[\033[36m\]`__git_ps1`\[\033[0m\]\n$ , PSModulePath=C:\Program Files\WindowsPowerShell\Modules;C:\Windows\system32\WindowsPowerShell\v1.0\Modules, MAVEN_HOME=D:\software\apache-maven-3.6.1, ORIGINAL_TEMP=C:/Users/LIUYIN~1/AppData/Local/Temp, PROGRAMFILES=C:\Program Files, MOZ_PLUGIN_PATH=D:\software\foxit\Foxit Reader\plugins\, DIRNAME=D:\project\gitProjects\zyPeixun\java_persistence_practice_parking_lot_comprehensive-2019-8-26-2-21-50-376\, USERNAME=liuyinping, NPM_HOME=D:\Program Files\dev\nvm\npm, PWD=D:/project/gitProjects/zyPeixun/java_persistence_practice_parking_lot_comprehensive-2019-8-26-2-21-50-376, CMD_LINE_ARGS=test, ProgramFiles(x86)=C:\Program Files (x86), INFOPATH=D:\software\Git\usr\local\info;D:\software\Git\usr\share\info;D:\software\Git\usr\info;D:\software\Git\share\info, FPS_BROWSER_USER_PROFILE_STRING=Default, APP_HOME=D:\project\gitProjects\zyPeixun\java_persistence_practice_parking_lot_comprehensive-2019-8-26-2-21-50-376\, DEFAULT_JVM_OPTS="-Xmx64m" "-Xms64m", PATHEXT=.COM;.EXE;.BAT;.CMD;.VBS;.VBE;.JS;.JSE;.WSF;.WSH;.MSC, SHELL=D:\software\Git\usr\bin\bash.exe, DriverData=C:\Windows\System32\Drivers\DriverData, ORIGINAL_TMP=C:/Users/LIUYIN~1/AppData/Local/Temp, TMPDIR=C:\Users\LIUYIN~1\AppData\Local\Temp, WINDIR=C:\Windows, ProgramData=C:\ProgramData, ProgramW6432=C:\Program Files, SSH_ASKPASS=D:/software/Git/mingw64/libexec/git-core/git-gui--askpass, HOMEPATH=\Users\liuyinping, MYSQL_HOME=D:\software\mysql-8.0.17-winx64, PROCESSOR_IDENTIFIER=Intel64 Family 6 Model 142 Stepping 11, GenuineIntel, PUBLIC=C:\Users\Public, MINGW_CHOST=x86_64-w64-mingw32, =::=::\, EXEPATH=D:\software\Git, SHLVL=1, _SKIP=2, LOCALAPPDATA=C:\Users\liuyinping\AppData\Local, ORIGINAL_PATH=D:\software\Git\mingw64\bin;D:\software\Git\usr\bin;C:\Users\liuyinping\bin;C:\Program Files (x86)\Common Files\Oracle\Java\javapath;D:\app\usertest\product\12.1.0\dbhome_1\bin;D:\project\product\11.2.0\client_1;C:\Windows\system32;C:\Windows;C:\Windows\System32\Wbem;C:\Windows\System32\WindowsPowerShell\v1.0;C:\Windows\System32\OpenSSH;C:\Program Files\Intel\WiFi\bin;C:\Program Files\Common Files\Intel\WirelessCommon;C:\Program Files (x86)\NVIDIA Corporation\PhysX\Common;C:\Program Files\NVIDIA Corporation\NVIDIA NvDLISR;D:\software\Java\jdk1.8.0_211\bin;D:\software\Git\cmd;D:\software\gradle-5.4.1\bin;D:\software\mysql-8.0.17-winx64\bin;D:\software\MySQL\MySQL Enterprise Backup 3.10.2;D:\software\MySQL\MySQL Utilities 1.4.3;D:\software\MySQL\MySQL Utilities 1.4.3\Doctrine extensions for PHP;C:\Users\liuyinping\AppData\Local\Microsoft\WindowsApps;D:\software\Microsoft VS Code\bin;D:\Program Files\dev\nvm;D:\Program Files\dev\nvm\npm;D:\Program Files\dev\nodejs;C:\Ruby25-x64\bin;D:\software\apache-maven-3.6.1\bin;C:\Users\liuyinping\AppData\Local\Microsoft\WindowsApps;D:\software\Microsoft VS Code\bin, MANPATH=D:\software\Git\mingw64\local\man;D:\software\Git\mingw64\share\man;D:\software\Git\usr\local\man;D:\software\Git\usr\share\man;D:\software\Git\usr\man;D:\software\Git\share\man, MINGW_PACKAGE_PREFIX=mingw-w64-x86_64, USERDOMAIN=LAPTOP-NAF4NTA9, FPS_BROWSER_APP_PROFILE_STRING=Internet Explorer, LOGONSERVER=\\LAPTOP-NAF4NTA9, JAVA_HOME=D:\software\Java\jdk1.8.0_211, PLINK_PROTOCOL=ssh, PROMPT=$P$G, TERM=xterm, LANG=zh_CN.UTF-8, GRADLE_HOME=D:\software\gradle-5.4.1, MINGW_PREFIX=D:/software/Git/mingw64, DISPLAY=needs-to-be-defined, MSYSTEM=MINGW64, OneDrive=C:\Users\liuyinping\OneDrive, APPDATA=C:\Users\liuyinping\AppData\Roaming, SYSTEMROOT=C:\Windows, JAVA_EXE=D:\software\Java\jdk1.8.0_211/bin/java.exe, _=./gradlew.bat, OS=Windows_NT, COMPUTERNAME=LAPTOP-NAF4NTA9, COMMONPROGRAMFILES=C:\Program Files\Common Files, COMSPEC=C:\Windows\system32\cmd.exe, NVM_HOME=D:\Program Files\dev\nvm, PROCESSOR_REVISION=8e0b, CLASSPATH=D:\project\gitProjects\zyPeixun\java_persistence_practice_parking_lot_comprehensive-2019-8-26-2-21-50-376\\gradle\wrapper\gradle-wrapper.jar, CommonProgramW6432=C:\Program Files\Common Files, ACLOCAL_PATH=D:\software\Git\mingw64\share\aclocal;D:\software\Git\usr\share\aclocal, APP_BASE_NAME=gradlew, MSYSTEM_CARCH=x86_64, =D:=D:\project\gitProjects\zyPeixun\java_persistence_practice_parking_lot_comprehensive-2019-8-26-2-21-50-376, TEMP=C:\Users\LIUYIN~1\AppData\Local\Temp, HOSTNAME=LAPTOP-NAF4NTA9, HOMEDRIVE=C:, USERPROFILE=C:\Users\liuyinping, TMP=C:\Users\LIUYIN~1\AppData\Local\Temp, CommonProgramFiles(x86)=C:\Program Files (x86)\Common Files, NUMBER_OF_PROCESSORS=8, HOME=C:\Users\liuyinping}}]
15:37:45.220 [Test worker] DEBUG org.springframework.test.context.support.TestPropertySourceUtils - Adding inlined properties to environment: {spring.jmx.enabled=false, org.springframework.boot.test.context.SpringBootTestContextBootstrapper=true, server.port=-1}
15:37:45.221 [Test worker] DEBUG org.springframework.core.env.StandardEnvironment - Adding PropertySource 'Inlined Test Properties' with highest search precedence

  .   ____          _            __ _ _
 /\\ / ___'_ __ _ _(_)_ __  __ _ \ \ \ \
( ( )\___ | '_ | '_| | '_ \/ _` | \ \ \ \
 \\/  ___)| |_)| | | | | || (_| |  ) ) ) )
  '  |____| .__|_| |_|_| |_\__, | / / / /
 =========|_|==============|___/=/_/_/_/
 :: Spring Boot ::        (v2.0.3.RELEASE)

2019-08-31 15:37:45.490 DEBUG 11120 --- [    Test worker] o.s.w.c.s.StandardServletEnvironment     : Adding PropertySource 'servletConfigInitParams' with lowest search precedence
2019-08-31 15:37:45.491 DEBUG 11120 --- [    Test worker] o.s.w.c.s.StandardServletEnvironment     : Adding PropertySource 'servletContextInitParams' with lowest search precedence
2019-08-31 15:37:45.493 DEBUG 11120 --- [    Test worker] o.s.w.c.s.StandardServletEnvironment     : Adding PropertySource 'systemProperties' with lowest search precedence
2019-08-31 15:37:45.494 DEBUG 11120 --- [    Test worker] o.s.w.c.s.StandardServletEnvironment     : Adding PropertySource 'systemEnvironment' with lowest search precedence
2019-08-31 15:37:45.494 DEBUG 11120 --- [    Test worker] o.s.w.c.s.StandardServletEnvironment     : Initialized StandardServletEnvironment with PropertySources [StubPropertySource {name='servletConfigInitParams'}, StubPropertySource {name='servletContextInitParams'}, MapPropertySource {name='systemProperties'}, SystemEnvironmentPropertySource {name='systemEnvironment'}]
2019-08-31 15:37:45.520  INFO 11120 --- [    Test worker] tws.controller.ParkingBoyControllerTest  : Starting ParkingBoyControllerTest on LAPTOP-NAF4NTA9 with PID 11120 (started by liuyinping in D:\project\gitProjects\zyPeixun\java_persistence_practice_parking_lot_comprehensive-2019-8-26-2-21-50-376)
2019-08-31 15:37:45.521  INFO 11120 --- [    Test worker] tws.controller.ParkingBoyControllerTest  : No active profile set, falling back to default profiles: default
2019-08-31 15:37:45.536  INFO 11120 --- [    Test worker] o.s.w.c.s.GenericWebApplicationContext   : Refreshing org.springframework.web.context.support.GenericWebApplicationContext@595b6eb6: startup date [Sat Aug 31 15:37:45 CST 2019]; root of context hierarchy
2019-08-31 15:37:45.536 DEBUG 11120 --- [    Test worker] o.s.w.c.s.GenericWebApplicationContext   : Bean factory for org.springframework.web.context.support.GenericWebApplicationContext@595b6eb6: org.springframework.beans.factory.support.DefaultListableBeanFactory@558ebae1: defining beans [org.springframework.context.annotation.internalConfigurationAnnotationProcessor,org.springframework.context.annotation.internalAutowiredAnnotationProcessor,org.springframework.context.annotation.internalRequiredAnnotationProcessor,org.springframework.context.annotation.internalCommonAnnotationProcessor,org.springframework.context.event.internalEventListenerProcessor,org.springframework.context.event.internalEventListenerFactory,org.springframework.boot.test.context.ImportsContextCustomizer$ImportsCleanupPostProcessor,org.springframework.boot.test.context.ImportsContextCustomizer$ImportsConfiguration,org.springframework.boot.test.mock.mockito.MockitoPostProcessor$SpyPostProcessor,org.springframework.boot.test.mock.mockito.MockitoPostProcessor,application]; root of factory hierarchy
2019-08-31 15:37:46.385 DEBUG 11120 --- [    Test worker] o.s.w.c.s.GenericWebApplicationContext   : Unable to locate MessageSource with name 'messageSource': using default [org.springframework.context.support.DelegatingMessageSource@4763deca]
2019-08-31 15:37:46.385 DEBUG 11120 --- [    Test worker] o.s.w.c.s.GenericWebApplicationContext   : Unable to locate ApplicationEventMulticaster with name 'applicationEventMulticaster': using default [org.springframework.context.event.SimpleApplicationEventMulticaster@7887da85]
2019-08-31 15:37:46.961  INFO 11120 --- [    Test worker] o.s.w.s.handler.SimpleUrlHandlerMapping  : Mapped URL path [/**/favicon.ico] onto handler of type [class org.springframework.web.servlet.resource.ResourceHttpRequestHandler]
2019-08-31 15:37:47.145  INFO 11120 --- [    Test worker] s.w.s.m.m.a.RequestMappingHandlerAdapter : Looking for @ControllerAdvice: org.springframework.web.context.support.GenericWebApplicationContext@595b6eb6: startup date [Sat Aug 31 15:37:45 CST 2019]; root of context hierarchy
2019-08-31 15:37:47.209 DEBUG 11120 --- [    Test worker] s.w.s.m.m.a.RequestMappingHandlerMapping : Looking for request mappings in application context: org.springframework.web.context.support.GenericWebApplicationContext@595b6eb6: startup date [Sat Aug 31 15:37:45 CST 2019]; root of context hierarchy
2019-08-31 15:37:47.221 DEBUG 11120 --- [    Test worker] s.w.s.m.m.a.RequestMappingHandlerMapping : 2 request handler methods found on class tws.controller.EmployeeController: {public org.springframework.http.ResponseEntity tws.controller.EmployeeController.insert(tws.entity.Employee)={[/employees],methods=[POST]}, public org.springframework.http.ResponseEntity tws.controller.EmployeeController.getAll()={[/employees],methods=[GET]}}
2019-08-31 15:37:47.223  INFO 11120 --- [    Test worker] s.w.s.m.m.a.RequestMappingHandlerMapping : Mapped "{[/employees],methods=[POST]}" onto public org.springframework.http.ResponseEntity<tws.entity.Employee> tws.controller.EmployeeController.insert(tws.entity.Employee)
2019-08-31 15:37:47.224  INFO 11120 --- [    Test worker] s.w.s.m.m.a.RequestMappingHandlerMapping : Mapped "{[/employees],methods=[GET]}" onto public org.springframework.http.ResponseEntity<java.util.List<tws.entity.Employee>> tws.controller.EmployeeController.getAll()
2019-08-31 15:37:47.225 DEBUG 11120 --- [    Test worker] s.w.s.m.m.a.RequestMappingHandlerMapping : 2 request handler methods found on class tws.controller.ParkingBoyController: {public org.springframework.http.ResponseEntity tws.controller.ParkingBoyController.insert(tws.entity.ParkingBoy)={[/parkingBoys],methods=[POST]}, public org.springframework.http.ResponseEntity tws.controller.ParkingBoyController.getAll()={[/parkingBoys],methods=[GET]}}
2019-08-31 15:37:47.226  INFO 11120 --- [    Test worker] s.w.s.m.m.a.RequestMappingHandlerMapping : Mapped "{[/parkingBoys],methods=[POST]}" onto public org.springframework.http.ResponseEntity<tws.entity.ParkingBoy> tws.controller.ParkingBoyController.insert(tws.entity.ParkingBoy)
2019-08-31 15:37:47.226  INFO 11120 --- [    Test worker] s.w.s.m.m.a.RequestMappingHandlerMapping : Mapped "{[/parkingBoys],methods=[GET]}" onto public org.springframework.http.ResponseEntity<java.util.List<tws.entity.ParkingBoy>> tws.controller.ParkingBoyController.getAll()
2019-08-31 15:37:47.227 DEBUG 11120 --- [    Test worker] s.w.s.m.m.a.RequestMappingHandlerMapping : 2 request handler methods found on class tws.controller.ParkingLotController: {public org.springframework.http.ResponseEntity tws.controller.ParkingLotController.insert(tws.entity.ParkingLot)={[/parkingLots],methods=[POST]}, public org.springframework.http.ResponseEntity tws.controller.ParkingLotController.getAll()={[/parkingLots],methods=[GET]}}
2019-08-31 15:37:47.228  INFO 11120 --- [    Test worker] s.w.s.m.m.a.RequestMappingHandlerMapping : Mapped "{[/parkingLots],methods=[POST]}" onto public org.springframework.http.ResponseEntity<tws.entity.ParkingLot> tws.controller.ParkingLotController.insert(tws.entity.ParkingLot)
2019-08-31 15:37:47.228  INFO 11120 --- [    Test worker] s.w.s.m.m.a.RequestMappingHandlerMapping : Mapped "{[/parkingLots],methods=[GET]}" onto public org.springframework.http.ResponseEntity<java.util.List<tws.entity.ParkingLot>> tws.controller.ParkingLotController.getAll()
2019-08-31 15:37:47.231 DEBUG 11120 --- [    Test worker] s.w.s.m.m.a.RequestMappingHandlerMapping : 2 request handler methods found on class org.springframework.boot.autoconfigure.web.servlet.error.BasicErrorController: {public org.springframework.http.ResponseEntity org.springframework.boot.autoconfigure.web.servlet.error.BasicErrorController.error(javax.servlet.http.HttpServletRequest)={[/error]}, public org.springframework.web.servlet.ModelAndView org.springframework.boot.autoconfigure.web.servlet.error.BasicErrorController.errorHtml(javax.servlet.http.HttpServletRequest,javax.servlet.http.HttpServletResponse)={[/error],produces=[text/html]}}
2019-08-31 15:37:47.231  INFO 11120 --- [    Test worker] s.w.s.m.m.a.RequestMappingHandlerMapping : Mapped "{[/error]}" onto public org.springframework.http.ResponseEntity<java.util.Map<java.lang.String, java.lang.Object>> org.springframework.boot.autoconfigure.web.servlet.error.BasicErrorController.error(javax.servlet.http.HttpServletRequest)
2019-08-31 15:37:47.232  INFO 11120 --- [    Test worker] s.w.s.m.m.a.RequestMappingHandlerMapping : Mapped "{[/error],produces=[text/html]}" onto public org.springframework.web.servlet.ModelAndView org.springframework.boot.autoconfigure.web.servlet.error.BasicErrorController.errorHtml(javax.servlet.http.HttpServletRequest,javax.servlet.http.HttpServletResponse)
2019-08-31 15:37:47.252 DEBUG 11120 --- [    Test worker] o.s.w.s.h.BeanNameUrlHandlerMapping      : Looking for URL mappings in application context: org.springframework.web.context.support.GenericWebApplicationContext@595b6eb6: startup date [Sat Aug 31 15:37:45 CST 2019]; root of context hierarchy
2019-08-31 15:37:47.253 DEBUG 11120 --- [    Test worker] o.s.w.s.h.BeanNameUrlHandlerMapping      : Rejected bean name 'org.springframework.context.annotation.internalConfigurationAnnotationProcessor': no URL paths identified
2019-08-31 15:37:47.253 DEBUG 11120 --- [    Test worker] o.s.w.s.h.BeanNameUrlHandlerMapping      : Rejected bean name 'org.springframework.context.annotation.internalAutowiredAnnotationProcessor': no URL paths identified
2019-08-31 15:37:47.253 DEBUG 11120 --- [    Test worker] o.s.w.s.h.BeanNameUrlHandlerMapping      : Rejected bean name 'org.springframework.context.annotation.internalRequiredAnnotationProcessor': no URL paths identified
2019-08-31 15:37:47.253 DEBUG 11120 --- [    Test worker] o.s.w.s.h.BeanNameUrlHandlerMapping      : Rejected bean name 'org.springframework.context.annotation.internalCommonAnnotationProcessor': no URL paths identified
2019-08-31 15:37:47.253 DEBUG 11120 --- [    Test worker] o.s.w.s.h.BeanNameUrlHandlerMapping      : Rejected bean name 'org.springframework.context.event.internalEventListenerProcessor': no URL paths identified
2019-08-31 15:37:47.254 DEBUG 11120 --- [    Test worker] o.s.w.s.h.BeanNameUrlHandlerMapping      : Rejected bean name 'org.springframework.context.event.internalEventListenerFactory': no URL paths identified
2019-08-31 15:37:47.254 DEBUG 11120 --- [    Test worker] o.s.w.s.h.BeanNameUrlHandlerMapping      : Rejected bean name 'org.springframework.boot.test.context.ImportsContextCustomizer$ImportsCleanupPostProcessor': no URL paths identified
2019-08-31 15:37:47.254 DEBUG 11120 --- [    Test worker] o.s.w.s.h.BeanNameUrlHandlerMapping      : Rejected bean name 'org.springframework.boot.test.mock.mockito.MockitoPostProcessor$SpyPostProcessor': no URL paths identified
2019-08-31 15:37:47.254 DEBUG 11120 --- [    Test worker] o.s.w.s.h.BeanNameUrlHandlerMapping      : Rejected bean name 'org.springframework.boot.test.mock.mockito.MockitoPostProcessor': no URL paths identified
2019-08-31 15:37:47.254 DEBUG 11120 --- [    Test worker] o.s.w.s.h.BeanNameUrlHandlerMapping      : Rejected bean name 'application': no URL paths identified
2019-08-31 15:37:47.254 DEBUG 11120 --- [    Test worker] o.s.w.s.h.BeanNameUrlHandlerMapping      : Rejected bean name 'org.springframework.boot.autoconfigure.internalCachingMetadataReaderFactory': no URL paths identified
2019-08-31 15:37:47.255 DEBUG 11120 --- [    Test worker] o.s.w.s.h.BeanNameUrlHandlerMapping      : Rejected bean name 'employeeController': no URL paths identified
2019-08-31 15:37:47.255 DEBUG 11120 --- [    Test worker] o.s.w.s.h.BeanNameUrlHandlerMapping      : Rejected bean name 'parkingBoyController': no URL paths identified
2019-08-31 15:37:47.255 DEBUG 11120 --- [    Test worker] o.s.w.s.h.BeanNameUrlHandlerMapping      : Rejected bean name 'parkingLotController': no URL paths identified
2019-08-31 15:37:47.255 DEBUG 11120 --- [    Test worker] o.s.w.s.h.BeanNameUrlHandlerMapping      : Rejected bean name 'org.springframework.boot.autoconfigure.AutoConfigurationPackages': no URL paths identified
2019-08-31 15:37:47.255 DEBUG 11120 --- [    Test worker] o.s.w.s.h.BeanNameUrlHandlerMapping      : Rejected bean name 'org.springframework.boot.autoconfigure.context.PropertyPlaceholderAutoConfiguration': no URL paths identified
2019-08-31 15:37:47.255 DEBUG 11120 --- [    Test worker] o.s.w.s.h.BeanNameUrlHandlerMapping      : Rejected bean name 'org.springframework.boot.autoconfigure.condition.BeanTypeRegistry': no URL paths identified
[...]
2019-08-31 15:37:47.275 DEBUG 11120 --- [    Test worker] o.s.w.s.h.BeanNameUrlHandlerMapping      : Rejected bean name 'org.springframework.boot.autoconfigure.jdbc.DataSourceTransactionManagerAutoConfiguration': no URL paths identified
2019-08-31 15:37:47.276 DEBUG 11120 --- [    Test worker] o.s.w.s.h.BeanNameUrlHandlerMapping      : Rejected bean name 'org.springframework.transaction.annotation.ProxyTransactionManagementConfiguration': no URL paths identified
2019-08-31 15:37:47.276 DEBUG 11120 --- [    Test worker] o.s.w.s.h.BeanNameUrlHandlerMapping      : Rejected bean name 'org.springframework.transaction.config.internalTransactionAdvisor': no URL paths identified
2019-08-31 15:37:47.276 DEBUG 11120 --- [    Test worker] o.s.w.s.h.BeanNameUrlHandlerMapping      : Rejected bean name 'transactionAttributeSource': no URL paths identified
2019-08-31 15:37:47.276 DEBUG 11120 --- [    Test worker] o.s.w.s.h.BeanNameUrlHandlerMapping      : Rejected bean name 'transactionInterceptor': no URL paths identified
2019-08-31 15:37:47.276 DEBUG 11120 --- [    Test worker] o.s.w.s.h.BeanNameUrlHandlerMapping      : Rejected bean name 'org.springframework.transaction.config.internalTransactionalEventListenerFactory': no URL paths identified
2019-08-31 15:37:47.276 DEBUG 11120 --- [    Test worker] o.s.w.s.h.BeanNameUrlHandlerMapping      : Rejected bean name 'org.springframework.boot.autoconfigure.transaction.TransactionAutoConfiguration$EnableTransactionManagementConfiguration$CglibAutoProxyConfiguration': no URL paths identified
2019-08-31 15:37:47.277 DEBUG 11120 --- [    Test worker] o.s.w.s.h.BeanNameUrlHandlerMapping      : Rejected bean name 'org.springframework.aop.config.internalAutoProxyCreator': no URL paths identified
2019-08-31 15:37:47.277 DEBUG 11120 --- [    Test worker] o.s.w.s.h.BeanNameUrlHandlerMapping      : Rejected bean name 'org.springframework.boot.autoconfigure.transaction.TransactionAutoConfiguration$EnableTransactionManagementConfiguration': no URL paths identified
2019-08-31 15:37:47.277 DEBUG 11120 --- [    Test worker] o.s.w.s.h.BeanNameUrlHandlerMapping      : Rejected bean name 'org.springframework.boot.autoconfigure.transaction.TransactionAutoConfiguration$TransactionTemplateConfiguration': no URL paths identified
2019-08-31 15:37:47.277 DEBUG 11120 --- [    Test worker] o.s.w.s.h.BeanNameUrlHandlerMapping      : Rejected bean name 'transactionTemplate': no URL paths identified
2019-08-31 15:37:47.277 DEBUG 11120 --- [    Test worker] o.s.w.s.h.BeanNameUrlHandlerMapping      : Rejected bean name 'org.springframework.boot.autoconfigure.transaction.TransactionAutoConfiguration': no URL paths identified
2019-08-31 15:37:47.277 DEBUG 11120 --- [    Test worker] o.s.w.s.h.BeanNameUrlHandlerMapping      : Rejected bean name 'platformTransactionManagerCustomizers': no URL paths identified
2019-08-31 15:37:47.277 DEBUG 11120 --- [    Test worker] o.s.w.s.h.BeanNameUrlHandlerMapping      : Rejected bean name 'spring.transaction-org.springframework.boot.autoconfigure.transaction.TransactionProperties': no URL paths identified
2019-08-31 15:37:47.277 DEBUG 11120 --- [    Test worker] o.s.w.s.h.BeanNameUrlHandlerMapping      : Rejected bean name 'org.springframework.boot.autoconfigure.web.client.RestTemplateAutoConfiguration': no URL paths identified
2019-08-31 15:37:47.278 DEBUG 11120 --- [    Test worker] o.s.w.s.h.BeanNameUrlHandlerMapping      : Rejected bean name 'restTemplateBuilder': no URL paths identified
2019-08-31 15:37:47.278 DEBUG 11120 --- [    Test worker] o.s.w.s.h.BeanNameUrlHandlerMapping      : Rejected bean name 'org.springframework.boot.autoconfigure.web.embedded.EmbeddedWebServerFactoryCustomizerAutoConfiguration$TomcatWebServerFactoryCustomizerConfiguration': no URL paths identified
2019-08-31 15:37:47.278 DEBUG 11120 --- [    Test worker] o.s.w.s.h.BeanNameUrlHandlerMapping      : Rejected bean name 'tomcatWebServerFactoryCustomizer': no URL paths identified
2019-08-31 15:37:47.279 DEBUG 11120 --- [    Test worker] o.s.w.s.h.BeanNameUrlHandlerMapping      : Rejected bean name 'org.springframework.boot.autoconfigure.web.embedded.EmbeddedWebServerFactoryCustomizerAutoConfiguration': no URL paths identified
2019-08-31 15:37:47.279 DEBUG 11120 --- [    Test worker] o.s.w.s.h.BeanNameUrlHandlerMapping      : Rejected bean name 'org.springframework.boot.autoconfigure.web.servlet.HttpEncodingAutoConfiguration': no URL paths identified
2019-08-31 15:37:47.279 DEBUG 11120 --- [    Test worker] o.s.w.s.h.BeanNameUrlHandlerMapping      : Rejected bean name 'characterEncodingFilter': no URL paths identified
2019-08-31 15:37:47.280 DEBUG 11120 --- [    Test worker] o.s.w.s.h.BeanNameUrlHandlerMapping      : Rejected bean name 'localeCharsetMappingsCustomizer': no URL paths identified
2019-08-31 15:37:47.280 DEBUG 11120 --- [    Test worker] o.s.w.s.h.BeanNameUrlHandlerMapping      : Rejected bean name 'org.springframework.boot.autoconfigure.web.servlet.MultipartAutoConfiguration': no URL paths identified
2019-08-31 15:37:47.280 DEBUG 11120 --- [    Test worker] o.s.w.s.h.BeanNameUrlHandlerMapping      : Rejected bean name 'multipartConfigElement': no URL paths identified
2019-08-31 15:37:47.280 DEBUG 11120 --- [    Test worker] o.s.w.s.h.BeanNameUrlHandlerMapping      : Rejected bean name 'multipartResolver': no URL paths identified
2019-08-31 15:37:47.280 DEBUG 11120 --- [    Test worker] o.s.w.s.h.BeanNameUrlHandlerMapping      : Rejected bean name 'spring.servlet.multipart-org.springframework.boot.autoconfigure.web.servlet.MultipartProperties': no URL paths identified
2019-08-31 15:37:47.281 DEBUG 11120 --- [    Test worker] o.s.w.s.h.BeanNameUrlHandlerMapping      : Rejected bean name 'org.springframework.boot.test.autoconfigure.web.servlet.MockMvcAutoConfiguration': no URL paths identified
2019-08-31 15:37:47.281 DEBUG 11120 --- [    Test worker] o.s.w.s.h.BeanNameUrlHandlerMapping      : Rejected bean name 'mockMvcBuilder': no URL paths identified
2019-08-31 15:37:47.281 DEBUG 11120 --- [    Test worker] o.s.w.s.h.BeanNameUrlHandlerMapping      : Rejected bean name 'springBootMockMvcBuilderCustomizer': no URL paths identified
2019-08-31 15:37:47.281 DEBUG 11120 --- [    Test worker] o.s.w.s.h.BeanNameUrlHandlerMapping      : Rejected bean name 'mockMvc': no URL paths identified
2019-08-31 15:37:47.281 DEBUG 11120 --- [    Test worker] o.s.w.s.h.BeanNameUrlHandlerMapping      : Rejected bean name 'org.springframework.boot.test.autoconfigure.web.servlet.MockMvcSecurityAutoConfiguration': no URL paths identified
2019-08-31 15:37:47.281 DEBUG 11120 --- [    Test worker] o.s.w.s.h.BeanNameUrlHandlerMapping      : Rejected bean name 'employeeMapper': no URL paths identified
2019-08-31 15:37:47.281 DEBUG 11120 --- [    Test worker] o.s.w.s.h.BeanNameUrlHandlerMapping      : Rejected bean name 'parkingBoyMapper': no URL paths identified
2019-08-31 15:37:47.282 DEBUG 11120 --- [    Test worker] o.s.w.s.h.BeanNameUrlHandlerMapping      : Rejected bean name 'parkingLotMapper': no URL paths identified
2019-08-31 15:37:47.282 DEBUG 11120 --- [    Test worker] o.s.w.s.h.BeanNameUrlHandlerMapping      : Rejected bean name 'autoConfigurationReport': no URL paths identified
2019-08-31 15:37:47.282 DEBUG 11120 --- [    Test worker] o.s.w.s.h.BeanNameUrlHandlerMapping      : Rejected bean name 'org.springframework.boot.context.ContextIdApplicationContextInitializer$ContextId': no URL paths identified
2019-08-31 15:37:47.282 DEBUG 11120 --- [    Test worker] o.s.w.s.h.BeanNameUrlHandlerMapping      : Rejected bean name 'org.springframework.boot.test.autoconfigure.properties.PropertyMappingContextCustomizer$PropertyMappingCheckBeanPostProcessor': no URL paths identified
2019-08-31 15:37:47.282 DEBUG 11120 --- [    Test worker] o.s.w.s.h.BeanNameUrlHandlerMapping      : Rejected bean name 'org.springframework.boot.test.context.filter.TestTypeExcludeFilter': no URL paths identified
2019-08-31 15:37:47.282 DEBUG 11120 --- [    Test worker] o.s.w.s.h.BeanNameUrlHandlerMapping      : Rejected bean name 'springApplicationArguments': no URL paths identified
2019-08-31 15:37:47.282 DEBUG 11120 --- [    Test worker] o.s.w.s.h.BeanNameUrlHandlerMapping      : Rejected bean name 'springBootBanner': no URL paths identified
2019-08-31 15:37:47.282 DEBUG 11120 --- [    Test worker] o.s.w.s.h.BeanNameUrlHandlerMapping      : Rejected bean name 'springBootLoggingSystem': no URL paths identified
2019-08-31 15:37:47.282 DEBUG 11120 --- [    Test worker] o.s.w.s.h.BeanNameUrlHandlerMapping      : Rejected bean name 'environment': no URL paths identified
2019-08-31 15:37:47.282 DEBUG 11120 --- [    Test worker] o.s.w.s.h.BeanNameUrlHandlerMapping      : Rejected bean name 'systemProperties': no URL paths identified
2019-08-31 15:37:47.282 DEBUG 11120 --- [    Test worker] o.s.w.s.h.BeanNameUrlHandlerMapping      : Rejected bean name 'systemEnvironment': no URL paths identified
2019-08-31 15:37:47.282 DEBUG 11120 --- [    Test worker] o.s.w.s.h.BeanNameUrlHandlerMapping      : Rejected bean name 'servletContext': no URL paths identified
2019-08-31 15:37:47.282 DEBUG 11120 --- [    Test worker] o.s.w.s.h.BeanNameUrlHandlerMapping      : Rejected bean name 'contextParameters': no URL paths identified
2019-08-31 15:37:47.282 DEBUG 11120 --- [    Test worker] o.s.w.s.h.BeanNameUrlHandlerMapping      : Rejected bean name 'contextAttributes': no URL paths identified
2019-08-31 15:37:47.283 DEBUG 11120 --- [    Test worker] o.s.w.s.h.BeanNameUrlHandlerMapping      : Rejected bean name 'org.springframework.context.annotation.ConfigurationClassPostProcessor.importRegistry': no URL paths identified
2019-08-31 15:37:47.283 DEBUG 11120 --- [    Test worker] o.s.w.s.h.BeanNameUrlHandlerMapping      : Rejected bean name 'org.springframework.boot.test.mock.mockito.MockitoBeans': no URL paths identified
2019-08-31 15:37:47.283 DEBUG 11120 --- [    Test worker] o.s.w.s.h.BeanNameUrlHandlerMapping      : Rejected bean name 'messageSource': no URL paths identified
2019-08-31 15:37:47.283 DEBUG 11120 --- [    Test worker] o.s.w.s.h.BeanNameUrlHandlerMapping      : Rejected bean name 'applicationEventMulticaster': no URL paths identified
2019-08-31 15:37:47.290  INFO 11120 --- [    Test worker] o.s.w.s.handler.SimpleUrlHandlerMapping  : Mapped URL path [/webjars/**] onto handler of type [class org.springframework.web.servlet.resource.ResourceHttpRequestHandler]
2019-08-31 15:37:47.290  INFO 11120 --- [    Test worker] o.s.w.s.handler.SimpleUrlHandlerMapping  : Mapped URL path [/**] onto handler of type [class org.springframework.web.servlet.resource.ResourceHttpRequestHandler]
2019-08-31 15:37:47.301 DEBUG 11120 --- [    Test worker] .m.m.a.ExceptionHandlerExceptionResolver : Looking for exception mappings: org.springframework.web.context.support.GenericWebApplicationContext@595b6eb6: startup date [Sat Aug 31 15:37:45 CST 2019]; root of context hierarchy
2019-08-31 15:37:47.423  INFO 11120 --- [    Test worker] o.f.core.internal.util.VersionPrinter    : Flyway Community Edition 5.0.7 by Boxfuse
2019-08-31 15:37:47.428  INFO 11120 --- [    Test worker] com.zaxxer.hikari.HikariDataSource       : HikariPool-1 - Starting...
2019-08-31 15:37:47.570  INFO 11120 --- [    Test worker] com.zaxxer.hikari.HikariDataSource       : HikariPool-1 - Start completed.
2019-08-31 15:37:47.576  INFO 11120 --- [    Test worker] o.f.c.internal.database.DatabaseFactory  : Database: jdbc:h2:mem:tws_persistence_db (H2 1.4)
2019-08-31 15:37:47.669  INFO 11120 --- [    Test worker] o.f.core.internal.command.DbValidate     : Successfully validated 2 migrations (execution time 00:00.040s)
2019-08-31 15:37:47.695  INFO 11120 --- [    Test worker] o.f.c.i.s.JdbcTableSchemaHistory         : Creating Schema History table: "PUBLIC"."flyway_schema_history"
2019-08-31 15:37:47.731  INFO 11120 --- [    Test worker] o.f.core.internal.command.DbMigrate      : Current version of schema "PUBLIC": << Empty Schema >>
2019-08-31 15:37:47.733  INFO 11120 --- [    Test worker] o.f.core.internal.command.DbMigrate      : Migrating schema "PUBLIC" to version 1 - parking boy
2019-08-31 15:37:47.750  INFO 11120 --- [    Test worker] o.f.core.internal.command.DbMigrate      : Migrating schema "PUBLIC" to version 2 - parking lot
2019-08-31 15:37:47.763  INFO 11120 --- [    Test worker] o.f.core.internal.command.DbMigrate      : Successfully applied 2 migrations to schema "PUBLIC" (execution time 00:00.075s)
2019-08-31 15:37:47.917  INFO 11120 --- [    Test worker] o.s.b.t.m.w.SpringBootMockServletContext : Initializing Spring FrameworkServlet ''
2019-08-31 15:37:47.918  INFO 11120 --- [    Test worker] o.s.t.web.servlet.TestDispatcherServlet  : FrameworkServlet '': initialization started
2019-08-31 15:37:47.931  INFO 11120 --- [    Test worker] o.s.t.web.servlet.TestDispatcherServlet  : FrameworkServlet '': initialization completed in 13 ms
2019-08-31 15:37:47.964 DEBUG 11120 --- [    Test worker] o.s.w.c.s.GenericWebApplicationContext   : Unable to locate LifecycleProcessor with name 'lifecycleProcessor': using default [org.springframework.context.support.DefaultLifecycleProcessor@230306d1]
2019-08-31 15:37:47.971 DEBUG 11120 --- [    Test worker] o.s.w.s.resource.ResourceUrlProvider     : Looking for resource handler mappings
2019-08-31 15:37:47.971 DEBUG 11120 --- [    Test worker] o.s.w.s.resource.ResourceUrlProvider     : Found resource handler mapping: URL pattern="/**/favicon.ico", locations=[class path resource [META-INF/resources/], class path resource [resources/], class path resource [static/], class path resource [public/], ServletContext resource [/], class path resource []], resolvers=[org.springframework.web.servlet.resource.PathResourceResolver@14a6db9]
2019-08-31 15:37:47.972 DEBUG 11120 --- [    Test worker] o.s.w.s.resource.ResourceUrlProvider     : Found resource handler mapping: URL pattern="/webjars/**", locations=[class path resource [META-INF/resources/webjars/]], resolvers=[org.springframework.web.servlet.resource.PathResourceResolver@6be8daa1]
2019-08-31 15:37:47.972 DEBUG 11120 --- [    Test worker] o.s.w.s.resource.ResourceUrlProvider     : Found resource handler mapping: URL pattern="/**", locations=[class path resource [META-INF/resources/], class path resource [resources/], class path resource [static/], class path resource [public/], ServletContext resource [/]], resolvers=[org.springframework.web.servlet.resource.PathResourceResolver@524c9c16]
2019-08-31 15:37:47.975  INFO 11120 --- [    Test worker] tws.controller.ParkingBoyControllerTest  : Started ParkingBoyControllerTest in 2.747 seconds (JVM running for 3.676)
2019-08-31 15:37:48.079 DEBUG 11120 --- [    Test worker] s.w.s.m.m.a.RequestMappingHandlerMapping : Looking up handler method for path /parkingBoys
2019-08-31 15:37:48.081 DEBUG 11120 --- [    Test worker] s.w.s.m.m.a.RequestMappingHandlerMapping : Returning handler method [public org.springframework.http.ResponseEntity<tws.entity.ParkingBoy> tws.controller.ParkingBoyController.insert(tws.entity.ParkingBoy)]
2019-08-31 15:37:48.148 DEBUG 11120 --- [    Test worker] m.m.a.RequestResponseBodyMethodProcessor : Read [class tws.entity.ParkingBoy] as "application/json;charset=UTF-8" with [org.springframework.http.converter.json.MappingJackson2HttpMessageConverter@58025d78]

MockHttpServletRequest:
      HTTP Method = POST
      Request URI = /parkingBoys
       Parameters = {}
          Headers = {Content-Type=[application/json;charset=UTF-8]}
             Body = {"parkingBoyID":3,"parkingBoyName":"里斯","parkingBoyage":20}
    Session Attrs = {}

Handler:
             Type = tws.controller.ParkingBoyController
           Method = public org.springframework.http.ResponseEntity<tws.entity.ParkingBoy> tws.controller.ParkingBoyController.insert(tws.entity.ParkingBoy)

Async:
    Async started = false
     Async result = null

Resolved Exception:
             Type = null

ModelAndView:
        View name = null
             View = null
            Model = null

FlashMap:
       Attributes = null

MockHttpServletResponse:
           Status = 201
    Error message = null
          Headers = {}
     Content type = null
             Body = 
    Forwarded URL = null
   Redirected URL = null
          Cookies = []
2019-08-31 15:37:48.237 DEBUG 11120 --- [    Test worker] s.w.s.m.m.a.RequestMappingHandlerMapping : Looking up handler method for path /parkingBoys
2019-08-31 15:37:48.238 DEBUG 11120 --- [    Test worker] s.w.s.m.m.a.RequestMappingHandlerMapping : Returning handler method [public org.springframework.http.ResponseEntity<java.util.List<tws.entity.ParkingBoy>> tws.controller.ParkingBoyController.getAll()]
2019-08-31 15:37:48.257 DEBUG 11120 --- [    Test worker] o.s.w.s.m.m.a.HttpEntityMethodProcessor  : Written [[tws.entity.ParkingBoy@5662e3ba]] as "application/json" using [org.springframework.http.converter.json.MappingJackson2HttpMessageConverter@58025d78]

MockHttpServletRequest:
      HTTP Method = GET
      Request URI = /parkingBoys
       Parameters = {}
          Headers = {}
             Body = null
    Session Attrs = {}

Handler:
             Type = tws.controller.ParkingBoyController
           Method = public org.springframework.http.ResponseEntity<java.util.List<tws.entity.ParkingBoy>> tws.controller.ParkingBoyController.getAll()

Async:
    Async started = false
     Async result = null

Resolved Exception:
             Type = null

ModelAndView:
        View name = null
             View = null
            Model = null

FlashMap:
       Attributes = null

MockHttpServletResponse:
           Status = 200
    Error message = null
          Headers = {Content-Type=[application/json;charset=UTF-8]}
     Content type = application/json;charset=UTF-8
             Body = [{"parkingBoyID":3,"parkingBoyName":"里斯","parkingBoyAge":0}]
    Forwarded URL = null
   Redirected URL = null
          Cookies = []

MockHttpServletRequest:
      HTTP Method = POST
      Request URI = /parkingBoys
       Parameters = {}
          Headers = {Content-Type=[application/json;charset=UTF-8]}
             Body = {"parkingBoyID":3,"parkingBoyName":"里斯","parkingBoyage":20}
    Session Attrs = {}

Handler:
             Type = tws.controller.ParkingBoyController
           Method = public org.springframework.http.ResponseEntity<tws.entity.ParkingBoy> tws.controller.ParkingBoyController.insert(tws.entity.ParkingBoy)

Async:
    Async started = false
     Async result = null

Resolved Exception:
             Type = null

ModelAndView:
        View name = null
             View = null
            Model = null

FlashMap:
       Attributes = null

MockHttpServletResponse:
           Status = 201
    Error message = null
          Headers = {}
     Content type = null
             Body = 
    Forwarded URL = null
   Redirected URL = null
          Cookies = []

MockHttpServletRequest:
      HTTP Method = GET
      Request URI = /parkingBoys
       Parameters = {}
          Headers = {}
             Body = null
    Session Attrs = {}

Handler:
             Type = tws.controller.ParkingBoyController
           Method = public org.springframework.http.ResponseEntity<java.util.List<tws.entity.ParkingBoy>> tws.controller.ParkingBoyController.getAll()

Async:
    Async started = false
     Async result = null

Resolved Exception:
             Type = null

ModelAndView:
        View name = null
             View = null
            Model = null

FlashMap:
       Attributes = null

MockHttpServletResponse:
           Status = 200
    Error message = null
          Headers = {Content-Type=[application/json;charset=UTF-8]}
     Content type = application/json;charset=UTF-8
             Body = [{"parkingBoyID":3,"parkingBoyName":"里斯","parkingBoyAge":0}]
    Forwarded URL = null
   Redirected URL = null
          Cookies = []
]]></system-out>
  <system-err><![CDATA[]]></system-err>
</testsuite>
